This file contains any messages produced by compilers while
running configure, to aid debugging if configure makes a mistake.

It was created by configure, which was
generated by GNU Autoconf 2.59.  Invocation command line was

  $ ./configure --with-ssl --with-plugins --enable-ipv6 --no-create --no-recursion

## --------- ##
## Platform. ##
## --------- ##

hostname = f172
uname -m = x86_64
uname -r = 3.4.4-5.fc17.x86_64
uname -s = Linux
uname -v = #1 SMP Thu Jul 5 20:20:59 UTC 2012

/usr/bin/uname -p = x86_64
/bin/uname -X     = unknown

/bin/arch              = x86_64
/usr/bin/arch -k       = unknown
/usr/convex/getsysinfo = unknown
hostinfo               = unknown
/bin/machine           = unknown
/usr/bin/oslevel       = unknown
/bin/universe          = unknown

PATH: /usr/local/bin
PATH: /usr/bin
PATH: /bin
PATH: /usr/local/sbin
PATH: /usr/sbin
PATH: /home/dan/.local/bin
PATH: /home/dan/bin


## ----------- ##
## Core tests. ##
## ----------- ##

configure:1414: checking for gcc
configure:1430: found /usr/bin/gcc
configure:1440: result: gcc
configure:1684: checking for C compiler version
configure:1687: gcc --version </dev/null >&5
gcc (GCC) 4.7.0 20120507 (Red Hat 4.7.0-5)
Copyright (C) 2012 Free Software Foundation, Inc.
This is free software; see the source for copying conditions.  There is NO
warranty; not even for MERCHANTABILITY or FITNESS FOR A PARTICULAR PURPOSE.

configure:1690: $? = 0
configure:1692: gcc -v </dev/null >&5
Using built-in specs.
COLLECT_GCC=gcc
COLLECT_LTO_WRAPPER=/usr/libexec/gcc/x86_64-redhat-linux/4.7.0/lto-wrapper
Target: x86_64-redhat-linux
Configured with: ../configure --prefix=/usr --mandir=/usr/share/man --infodir=/usr/share/info --with-bugurl=http://bugzilla.redhat.com/bugzilla --enable-bootstrap --enable-shared --enable-threads=posix --enable-checking=release --disable-build-with-cxx --disable-build-poststage1-with-cxx --with-system-zlib --enable-__cxa_atexit --disable-libunwind-exceptions --enable-gnu-unique-object --enable-linker-build-id --with-linker-hash-style=gnu --enable-languages=c,c++,objc,obj-c++,java,fortran,ada,go,lto --enable-plugin --enable-initfini-array --enable-java-awt=gtk --disable-dssi --with-java-home=/usr/lib/jvm/java-1.5.0-gcj-1.5.0.0/jre --enable-libgcj-multifile --enable-java-maintainer-mode --with-ecj-jar=/usr/share/java/eclipse-ecj.jar --disable-libjava-multilib --with-ppl --with-cloog --with-tune=generic --with-arch_32=i686 --build=x86_64-redhat-linux
Thread model: posix
gcc version 4.7.0 20120507 (Red Hat 4.7.0-5) (GCC) 
configure:1695: $? = 0
configure:1697: gcc -V </dev/null >&5
gcc: error: unrecognized command line option '-V'
gcc: fatal error: no input files
compilation terminated.
configure:1700: $? = 4
configure:1723: checking for C compiler default output file name
configure:1726: gcc    conftest.c  >&5
configure:1729: $? = 0
configure:1775: result: a.out
configure:1780: checking whether the C compiler works
configure:1786: ./a.out
configure:1789: $? = 0
configure:1806: result: yes
configure:1813: checking whether we are cross compiling
configure:1815: result: no
configure:1818: checking for suffix of executables
configure:1820: gcc -o conftest    conftest.c  >&5
configure:1823: $? = 0
configure:1848: result: 
configure:1854: checking for suffix of object files
configure:1875: gcc -c   conftest.c >&5
configure:1878: $? = 0
configure:1900: result: o
configure:1904: checking whether we are using the GNU C compiler
configure:1928: gcc -c   conftest.c >&5
configure:1934: $? = 0
configure:1938: test -z 
			 || test ! -s conftest.err
configure:1941: $? = 0
configure:1944: test -s conftest.o
configure:1947: $? = 0
configure:1960: result: yes
configure:1966: checking whether gcc accepts -g
configure:1987: gcc -c -g  conftest.c >&5
configure:1993: $? = 0
configure:1997: test -z 
			 || test ! -s conftest.err
configure:2000: $? = 0
configure:2003: test -s conftest.o
configure:2006: $? = 0
configure:2017: result: yes
configure:2034: checking for gcc option to accept ANSI C
configure:2104: gcc  -c -g -O2  conftest.c >&5
configure:2110: $? = 0
configure:2114: test -z 
			 || test ! -s conftest.err
configure:2117: $? = 0
configure:2120: test -s conftest.o
configure:2123: $? = 0
configure:2141: result: none needed
configure:2159: gcc -c -g -O2  conftest.c >&5
conftest.c:2:3: error: unknown type name 'choke'
conftest.c:2:3: error: expected '=', ',', ';', 'asm' or '__attribute__' at end of input
configure:2165: $? = 1
configure: failed program was:
| #ifndef __cplusplus
|   choke me
| #endif
configure:2336: checking for a BSD-compatible install
configure:2391: result: /usr/bin/install -c
configure:2402: checking whether build environment is sane
configure:2445: result: yes
configure:2447: checking whether ln -s works
configure:2451: result: yes
configure:2473: checking for gmake
configure:2489: found /usr/bin/gmake
configure:2499: result: gmake
configure:2544: checking whether gmake sets $(MAKE)
configure:2564: result: yes
configure:2579: checking how to run the C preprocessor
configure:2614: gcc -E  conftest.c
configure:2620: $? = 0
configure:2652: gcc -E  conftest.c
conftest.c:10:28: fatal error: ac_nonexistent.h: No such file or directory
compilation terminated.
configure:2658: $? = 1
configure: failed program was:
| /* confdefs.h.  */
| 
| #define PACKAGE_NAME ""
| #define PACKAGE_TARNAME ""
| #define PACKAGE_VERSION ""
| #define PACKAGE_STRING ""
| #define PACKAGE_BUGREPORT ""
| #define VERSION_NUMBER "1.2c01-svn"
| /* end confdefs.h.  */
| #include <ac_nonexistent.h>
configure:2697: result: gcc -E
configure:2721: gcc -E  conftest.c
configure:2727: $? = 0
configure:2759: gcc -E  conftest.c
conftest.c:10:28: fatal error: ac_nonexistent.h: No such file or directory
compilation terminated.
configure:2765: $? = 1
configure: failed program was:
| /* confdefs.h.  */
| 
| #define PACKAGE_NAME ""
| #define PACKAGE_TARNAME ""
| #define PACKAGE_VERSION ""
| #define PACKAGE_STRING ""
| #define PACKAGE_BUGREPORT ""
| #define VERSION_NUMBER "1.2c01-svn"
| /* end confdefs.h.  */
| #include <ac_nonexistent.h>
configure:2809: checking for egrep
configure:2819: result: grep -E
configure:2825: checking whether gcc needs -traditional
configure:2867: result: no
configure:2874: checking for library containing strerror
configure:2904: gcc -o conftest -g -O2   conftest.c  >&5
configure:2910: $? = 0
configure:2914: test -z 
			 || test ! -s conftest.err
configure:2917: $? = 0
configure:2920: test -s conftest
configure:2923: $? = 0
configure:2993: result: none required
configure:3001: checking for AIX
configure:3023: result: no
configure:3033: checking for gawk
configure:3049: found /usr/bin/gawk
configure:3059: result: gawk
configure:3070: checking whether compiler understands -fno-strict-aliasing
configure:3090: gcc -c -g -O2 -fno-strict-aliasing  conftest.c >&5
configure:3096: $? = 0
configure:3100: test -z 
			 || test ! -s conftest.err
configure:3103: $? = 0
configure:3106: test -s conftest.o
configure:3109: $? = 0
configure:3111: result: yes
configure:3123: checking for getpwnam in -lsun
configure:3153: gcc -o conftest -g -O2 -fno-strict-aliasing   conftest.c -lsun   >&5
/usr/bin/ld: cannot find -lsun
collect2: error: ld returned 1 exit status
configure:3159: $? = 1
configure: failed program was:
| /* confdefs.h.  */
| 
| #define PACKAGE_NAME ""
| #define PACKAGE_TARNAME ""
| #define PACKAGE_VERSION ""
| #define PACKAGE_STRING ""
| #define PACKAGE_BUGREPORT ""
| #define VERSION_NUMBER "1.2c01-svn"
| /* end confdefs.h.  */
| 
| /* Override any gcc2 internal prototype to avoid an error.  */
| #ifdef __cplusplus
| extern "C"
| #endif
| /* We use char because int might match the return type of a gcc2
|    builtin and then its argument prototype would still apply.  */
| char getpwnam ();
| int
| main ()
| {
| getpwnam ();
|   ;
|   return 0;
| }
configure:3185: result: no
configure:3191: checking for inet_addr in -ldgc
configure:3221: gcc -o conftest -g -O2 -fno-strict-aliasing   conftest.c -ldgc   >&5
/usr/bin/ld: cannot find -ldgc
collect2: error: ld returned 1 exit status
configure:3227: $? = 1
configure: failed program was:
| /* confdefs.h.  */
| 
| #define PACKAGE_NAME ""
| #define PACKAGE_TARNAME ""
| #define PACKAGE_VERSION ""
| #define PACKAGE_STRING ""
| #define PACKAGE_BUGREPORT ""
| #define VERSION_NUMBER "1.2c01-svn"
| /* end confdefs.h.  */
| 
| /* Override any gcc2 internal prototype to avoid an error.  */
| #ifdef __cplusplus
| extern "C"
| #endif
| /* We use char because int might match the return type of a gcc2
|    builtin and then its argument prototype would still apply.  */
| char inet_addr ();
| int
| main ()
| {
| inet_addr ();
|   ;
|   return 0;
| }
configure:3253: result: no
configure:3259: checking for crypt in -lcrypt
configure:3289: gcc -o conftest -g -O2 -fno-strict-aliasing   conftest.c -lcrypt   >&5
configure:3295: $? = 0
configure:3299: test -z 
			 || test ! -s conftest.err
configure:3302: $? = 0
configure:3305: test -s conftest
configure:3308: $? = 0
configure:3321: result: yes
configure:3331: checking for pow in -lm
configure:3361: gcc -o conftest -g -O2 -fno-strict-aliasing   conftest.c -lm  -lcrypt  >&5
conftest.c:18:6: warning: conflicting types for built-in function 'pow' [enabled by default]
configure:3367: $? = 0
configure:3371: test -z 
			 || test ! -s conftest.err
configure:3374: $? = 0
configure:3377: test -s conftest
configure:3380: $? = 0
configure:3393: result: yes
configure:3408: checking for dirent.h that defines DIR
configure:3432: gcc -c -g -O2 -fno-strict-aliasing  conftest.c >&5
configure:3438: $? = 0
configure:3442: test -z 
			 || test ! -s conftest.err
configure:3445: $? = 0
configure:3448: test -s conftest.o
configure:3451: $? = 0
configure:3462: result: yes
configure:3475: checking for library containing opendir
configure:3505: gcc -o conftest -g -O2 -fno-strict-aliasing   conftest.c -lm -lcrypt  >&5
configure:3511: $? = 0
configure:3515: test -z 
			 || test ! -s conftest.err
configure:3518: $? = 0
configure:3521: test -s conftest
configure:3524: $? = 0
configure:3594: result: none required
configure:3730: checking for ANSI C header files
configure:3755: gcc -c -g -O2 -fno-strict-aliasing  conftest.c >&5
configure:3761: $? = 0
configure:3765: test -z 
			 || test ! -s conftest.err
configure:3768: $? = 0
configure:3771: test -s conftest.o
configure:3774: $? = 0
configure:3863: gcc -o conftest -g -O2 -fno-strict-aliasing   conftest.c -lm -lcrypt  >&5
conftest.c: In function 'main':
conftest.c:29:7: warning: incompatible implicit declaration of built-in function 'exit' [enabled by default]
configure:3866: $? = 0
configure:3868: ./conftest
configure:3871: $? = 0
configure:3886: result: yes
configure:3910: checking for sys/types.h
configure:3926: gcc -c -g -O2 -fno-strict-aliasing  conftest.c >&5
configure:3932: $? = 0
configure:3936: test -z 
			 || test ! -s conftest.err
configure:3939: $? = 0
configure:3942: test -s conftest.o
configure:3945: $? = 0
configure:3956: result: yes
configure:3910: checking for sys/stat.h
configure:3926: gcc -c -g -O2 -fno-strict-aliasing  conftest.c >&5
configure:3932: $? = 0
configure:3936: test -z 
			 || test ! -s conftest.err
configure:3939: $? = 0
configure:3942: test -s conftest.o
configure:3945: $? = 0
configure:3956: result: yes
configure:3910: checking for stdlib.h
configure:3926: gcc -c -g -O2 -fno-strict-aliasing  conftest.c >&5
configure:3932: $? = 0
configure:3936: test -z 
			 || test ! -s conftest.err
configure:3939: $? = 0
configure:3942: test -s conftest.o
configure:3945: $? = 0
configure:3956: result: yes
configure:3910: checking for string.h
configure:3926: gcc -c -g -O2 -fno-strict-aliasing  conftest.c >&5
configure:3932: $? = 0
configure:3936: test -z 
			 || test ! -s conftest.err
configure:3939: $? = 0
configure:3942: test -s conftest.o
configure:3945: $? = 0
configure:3956: result: yes
configure:3910: checking for memory.h
configure:3926: gcc -c -g -O2 -fno-strict-aliasing  conftest.c >&5
configure:3932: $? = 0
configure:3936: test -z 
			 || test ! -s conftest.err
configure:3939: $? = 0
configure:3942: test -s conftest.o
configure:3945: $? = 0
configure:3956: result: yes
configure:3910: checking for strings.h
configure:3926: gcc -c -g -O2 -fno-strict-aliasing  conftest.c >&5
configure:3932: $? = 0
configure:3936: test -z 
			 || test ! -s conftest.err
configure:3939: $? = 0
configure:3942: test -s conftest.o
configure:3945: $? = 0
configure:3956: result: yes
configure:3910: checking for inttypes.h
configure:3926: gcc -c -g -O2 -fno-strict-aliasing  conftest.c >&5
configure:3932: $? = 0
configure:3936: test -z 
			 || test ! -s conftest.err
configure:3939: $? = 0
configure:3942: test -s conftest.o
configure:3945: $? = 0
configure:3956: result: yes
configure:3910: checking for stdint.h
configure:3926: gcc -c -g -O2 -fno-strict-aliasing  conftest.c >&5
configure:3932: $? = 0
configure:3936: test -z 
			 || test ! -s conftest.err
configure:3939: $? = 0
configure:3942: test -s conftest.o
configure:3945: $? = 0
configure:3956: result: yes
configure:3910: checking for unistd.h
configure:3926: gcc -c -g -O2 -fno-strict-aliasing  conftest.c >&5
configure:3932: $? = 0
configure:3936: test -z 
			 || test ! -s conftest.err
configure:3939: $? = 0
configure:3942: test -s conftest.o
configure:3945: $? = 0
configure:3956: result: yes
configure:3996: checking sys/socket.h usability
configure:4008: gcc -c -g -O2 -fno-strict-aliasing  conftest.c >&5
configure:4014: $? = 0
configure:4018: test -z 
			 || test ! -s conftest.err
configure:4021: $? = 0
configure:4024: test -s conftest.o
configure:4027: $? = 0
configure:4037: result: yes
configure:4041: checking sys/socket.h presence
configure:4051: gcc -E  conftest.c
configure:4057: $? = 0
configure:4077: result: yes
configure:4112: checking for sys/socket.h
configure:4119: result: yes
configure:3996: checking sys/time.h usability
configure:4008: gcc -c -g -O2 -fno-strict-aliasing  conftest.c >&5
configure:4014: $? = 0
configure:4018: test -z 
			 || test ! -s conftest.err
configure:4021: $? = 0
configure:4024: test -s conftest.o
configure:4027: $? = 0
configure:4037: result: yes
configure:4041: checking sys/time.h presence
configure:4051: gcc -E  conftest.c
configure:4057: $? = 0
configure:4077: result: yes
configure:4112: checking for sys/time.h
configure:4119: result: yes
configure:3996: checking sys/fcntl.h usability
configure:4008: gcc -c -g -O2 -fno-strict-aliasing  conftest.c >&5
configure:4014: $? = 0
configure:4018: test -z 
			 || test ! -s conftest.err
configure:4021: $? = 0
configure:4024: test -s conftest.o
configure:4027: $? = 0
configure:4037: result: yes
configure:4041: checking sys/fcntl.h presence
configure:4051: gcc -E  conftest.c
configure:4057: $? = 0
configure:4077: result: yes
configure:4112: checking for sys/fcntl.h
configure:4119: result: yes
configure:3996: checking fcntl.h usability
configure:4008: gcc -c -g -O2 -fno-strict-aliasing  conftest.c >&5
configure:4014: $? = 0
configure:4018: test -z 
			 || test ! -s conftest.err
configure:4021: $? = 0
configure:4024: test -s conftest.o
configure:4027: $? = 0
configure:4037: result: yes
configure:4041: checking fcntl.h presence
configure:4051: gcc -E  conftest.c
configure:4057: $? = 0
configure:4077: result: yes
configure:4112: checking for fcntl.h
configure:4119: result: yes
configure:3996: checking sys/file.h usability
configure:4008: gcc -c -g -O2 -fno-strict-aliasing  conftest.c >&5
configure:4014: $? = 0
configure:4018: test -z 
			 || test ! -s conftest.err
configure:4021: $? = 0
configure:4024: test -s conftest.o
configure:4027: $? = 0
configure:4037: result: yes
configure:4041: checking sys/file.h presence
configure:4051: gcc -E  conftest.c
configure:4057: $? = 0
configure:4077: result: yes
configure:4112: checking for sys/file.h
configure:4119: result: yes
configure:3996: checking netinet/in.h usability
configure:4008: gcc -c -g -O2 -fno-strict-aliasing  conftest.c >&5
configure:4014: $? = 0
configure:4018: test -z 
			 || test ! -s conftest.err
configure:4021: $? = 0
configure:4024: test -s conftest.o
configure:4027: $? = 0
configure:4037: result: yes
configure:4041: checking netinet/in.h presence
configure:4051: gcc -E  conftest.c
configure:4057: $? = 0
configure:4077: result: yes
configure:4112: checking for netinet/in.h
configure:4119: result: yes
configure:3996: checking netdb.h usability
configure:4008: gcc -c -g -O2 -fno-strict-aliasing  conftest.c >&5
configure:4014: $? = 0
configure:4018: test -z 
			 || test ! -s conftest.err
configure:4021: $? = 0
configure:4024: test -s conftest.o
configure:4027: $? = 0
configure:4037: result: yes
configure:4041: checking netdb.h presence
configure:4051: gcc -E  conftest.c
configure:4057: $? = 0
configure:4077: result: yes
configure:4112: checking for netdb.h
configure:4119: result: yes
configure:3996: checking sys/un.h usability
configure:4008: gcc -c -g -O2 -fno-strict-aliasing  conftest.c >&5
configure:4014: $? = 0
configure:4018: test -z 
			 || test ! -s conftest.err
configure:4021: $? = 0
configure:4024: test -s conftest.o
configure:4027: $? = 0
configure:4037: result: yes
configure:4041: checking sys/un.h presence
configure:4051: gcc -E  conftest.c
configure:4057: $? = 0
configure:4077: result: yes
configure:4112: checking for sys/un.h
configure:4119: result: yes
configure:3996: checking sys/filio.h usability
configure:4008: gcc -c -g -O2 -fno-strict-aliasing  conftest.c >&5
conftest.c:64:23: fatal error: sys/filio.h: No such file or directory
compilation terminated.
configure:4014: $? = 1
configure: failed program was:
| /* confdefs.h.  */
| 
| #define PACKAGE_NAME ""
| #define PACKAGE_TARNAME ""
| #define PACKAGE_VERSION ""
| #define PACKAGE_STRING ""
| #define PACKAGE_BUGREPORT ""
| #define VERSION_NUMBER "1.2c01-svn"
| #define HAVE_CRYPT 1
| #define HAVE_DIRENT_H 1
| #define STDC_HEADERS 1
| #define HAVE_SYS_TYPES_H 1
| #define HAVE_SYS_STAT_H 1
| #define HAVE_STDLIB_H 1
| #define HAVE_STRING_H 1
| #define HAVE_MEMORY_H 1
| #define HAVE_STRINGS_H 1
| #define HAVE_INTTYPES_H 1
| #define HAVE_STDINT_H 1
| #define HAVE_UNISTD_H 1
| #define HAVE_SYS_SOCKET_H 1
| #define HAVE_SYS_TIME_H 1
| #define HAVE_SYS_FCNTL_H 1
| #define HAVE_FCNTL_H 1
| #define HAVE_SYS_FILE_H 1
| #define HAVE_NETINET_IN_H 1
| #define HAVE_NETDB_H 1
| #define HAVE_SYS_UN_H 1
| /* end confdefs.h.  */
| #include <stdio.h>
| #if HAVE_SYS_TYPES_H
| # include <sys/types.h>
| #endif
| #if HAVE_SYS_STAT_H
| # include <sys/stat.h>
| #endif
| #if STDC_HEADERS
| # include <stdlib.h>
| # include <stddef.h>
| #else
| # if HAVE_STDLIB_H
| #  include <stdlib.h>
| # endif
| #endif
| #if HAVE_STRING_H
| # if !STDC_HEADERS && HAVE_MEMORY_H
| #  include <memory.h>
| # endif
| # include <string.h>
| #endif
| #if HAVE_STRINGS_H
| # include <strings.h>
| #endif
| #if HAVE_INTTYPES_H
| # include <inttypes.h>
| #else
| # if HAVE_STDINT_H
| #  include <stdint.h>
| # endif
| #endif
| #if HAVE_UNISTD_H
| # include <unistd.h>
| #endif
| #include <sys/filio.h>
configure:4037: result: no
configure:4041: checking sys/filio.h presence
configure:4051: gcc -E  conftest.c
conftest.c:30:23: fatal error: sys/filio.h: No such file or directory
compilation terminated.
configure:4057: $? = 1
configure: failed program was:
| /* confdefs.h.  */
| 
| #define PACKAGE_NAME ""
| #define PACKAGE_TARNAME ""
| #define PACKAGE_VERSION ""
| #define PACKAGE_STRING ""
| #define PACKAGE_BUGREPORT ""
| #define VERSION_NUMBER "1.2c01-svn"
| #define HAVE_CRYPT 1
| #define HAVE_DIRENT_H 1
| #define STDC_HEADERS 1
| #define HAVE_SYS_TYPES_H 1
| #define HAVE_SYS_STAT_H 1
| #define HAVE_STDLIB_H 1
| #define HAVE_STRING_H 1
| #define HAVE_MEMORY_H 1
| #define HAVE_STRINGS_H 1
| #define HAVE_INTTYPES_H 1
| #define HAVE_STDINT_H 1
| #define HAVE_UNISTD_H 1
| #define HAVE_SYS_SOCKET_H 1
| #define HAVE_SYS_TIME_H 1
| #define HAVE_SYS_FCNTL_H 1
| #define HAVE_FCNTL_H 1
| #define HAVE_SYS_FILE_H 1
| #define HAVE_NETINET_IN_H 1
| #define HAVE_NETDB_H 1
| #define HAVE_SYS_UN_H 1
| /* end confdefs.h.  */
| #include <sys/filio.h>
configure:4077: result: no
configure:4112: checking for sys/filio.h
configure:4119: result: no
configure:3996: checking regex.h usability
configure:4008: gcc -c -g -O2 -fno-strict-aliasing  conftest.c >&5
configure:4014: $? = 0
configure:4018: test -z 
			 || test ! -s conftest.err
configure:4021: $? = 0
configure:4024: test -s conftest.o
configure:4027: $? = 0
configure:4037: result: yes
configure:4041: checking regex.h presence
configure:4051: gcc -E  conftest.c
configure:4057: $? = 0
configure:4077: result: yes
configure:4112: checking for regex.h
configure:4119: result: yes
configure:3996: checking arpa/nameser.h usability
configure:4008: gcc -c -g -O2 -fno-strict-aliasing  conftest.c >&5
configure:4014: $? = 0
configure:4018: test -z 
			 || test ! -s conftest.err
configure:4021: $? = 0
configure:4024: test -s conftest.o
configure:4027: $? = 0
configure:4037: result: yes
configure:4041: checking arpa/nameser.h presence
configure:4051: gcc -E  conftest.c
configure:4057: $? = 0
configure:4077: result: yes
configure:4112: checking for arpa/nameser.h
configure:4119: result: yes
configure:3996: checking dirent.h usability
configure:4008: gcc -c -g -O2 -fno-strict-aliasing  conftest.c >&5
configure:4014: $? = 0
configure:4018: test -z 
			 || test ! -s conftest.err
configure:4021: $? = 0
configure:4024: test -s conftest.o
configure:4027: $? = 0
configure:4037: result: yes
configure:4041: checking dirent.h presence
configure:4051: gcc -E  conftest.c
configure:4057: $? = 0
configure:4077: result: yes
configure:4112: checking for dirent.h
configure:4119: result: yes
configure:3996: checking sys/ndir.h usability
configure:4008: gcc -c -g -O2 -fno-strict-aliasing  conftest.c >&5
conftest.c:67:22: fatal error: sys/ndir.h: No such file or directory
compilation terminated.
configure:4014: $? = 1
configure: failed program was:
| /* confdefs.h.  */
| 
| #define PACKAGE_NAME ""
| #define PACKAGE_TARNAME ""
| #define PACKAGE_VERSION ""
| #define PACKAGE_STRING ""
| #define PACKAGE_BUGREPORT ""
| #define VERSION_NUMBER "1.2c01-svn"
| #define HAVE_CRYPT 1
| #define HAVE_DIRENT_H 1
| #define STDC_HEADERS 1
| #define HAVE_SYS_TYPES_H 1
| #define HAVE_SYS_STAT_H 1
| #define HAVE_STDLIB_H 1
| #define HAVE_STRING_H 1
| #define HAVE_MEMORY_H 1
| #define HAVE_STRINGS_H 1
| #define HAVE_INTTYPES_H 1
| #define HAVE_STDINT_H 1
| #define HAVE_UNISTD_H 1
| #define HAVE_SYS_SOCKET_H 1
| #define HAVE_SYS_TIME_H 1
| #define HAVE_SYS_FCNTL_H 1
| #define HAVE_FCNTL_H 1
| #define HAVE_SYS_FILE_H 1
| #define HAVE_NETINET_IN_H 1
| #define HAVE_NETDB_H 1
| #define HAVE_SYS_UN_H 1
| #define HAVE_REGEX_H 1
| #define HAVE_ARPA_NAMESER_H 1
| #define HAVE_DIRENT_H 1
| /* end confdefs.h.  */
| #include <stdio.h>
| #if HAVE_SYS_TYPES_H
| # include <sys/types.h>
| #endif
| #if HAVE_SYS_STAT_H
| # include <sys/stat.h>
| #endif
| #if STDC_HEADERS
| # include <stdlib.h>
| # include <stddef.h>
| #else
| # if HAVE_STDLIB_H
| #  include <stdlib.h>
| # endif
| #endif
| #if HAVE_STRING_H
| # if !STDC_HEADERS && HAVE_MEMORY_H
| #  include <memory.h>
| # endif
| # include <string.h>
| #endif
| #if HAVE_STRINGS_H
| # include <strings.h>
| #endif
| #if HAVE_INTTYPES_H
| # include <inttypes.h>
| #else
| # if HAVE_STDINT_H
| #  include <stdint.h>
| # endif
| #endif
| #if HAVE_UNISTD_H
| # include <unistd.h>
| #endif
| #include <sys/ndir.h>
configure:4037: result: no
configure:4041: checking sys/ndir.h presence
configure:4051: gcc -E  conftest.c
conftest.c:33:22: fatal error: sys/ndir.h: No such file or directory
compilation terminated.
configure:4057: $? = 1
configure: failed program was:
| /* confdefs.h.  */
| 
| #define PACKAGE_NAME ""
| #define PACKAGE_TARNAME ""
| #define PACKAGE_VERSION ""
| #define PACKAGE_STRING ""
| #define PACKAGE_BUGREPORT ""
| #define VERSION_NUMBER "1.2c01-svn"
| #define HAVE_CRYPT 1
| #define HAVE_DIRENT_H 1
| #define STDC_HEADERS 1
| #define HAVE_SYS_TYPES_H 1
| #define HAVE_SYS_STAT_H 1
| #define HAVE_STDLIB_H 1
| #define HAVE_STRING_H 1
| #define HAVE_MEMORY_H 1
| #define HAVE_STRINGS_H 1
| #define HAVE_INTTYPES_H 1
| #define HAVE_STDINT_H 1
| #define HAVE_UNISTD_H 1
| #define HAVE_SYS_SOCKET_H 1
| #define HAVE_SYS_TIME_H 1
| #define HAVE_SYS_FCNTL_H 1
| #define HAVE_FCNTL_H 1
| #define HAVE_SYS_FILE_H 1
| #define HAVE_NETINET_IN_H 1
| #define HAVE_NETDB_H 1
| #define HAVE_SYS_UN_H 1
| #define HAVE_REGEX_H 1
| #define HAVE_ARPA_NAMESER_H 1
| #define HAVE_DIRENT_H 1
| /* end confdefs.h.  */
| #include <sys/ndir.h>
configure:4077: result: no
configure:4112: checking for sys/ndir.h
configure:4119: result: no
configure:3996: checking sys/dir.h usability
configure:4008: gcc -c -g -O2 -fno-strict-aliasing  conftest.c >&5
configure:4014: $? = 0
configure:4018: test -z 
			 || test ! -s conftest.err
configure:4021: $? = 0
configure:4024: test -s conftest.o
configure:4027: $? = 0
configure:4037: result: yes
configure:4041: checking sys/dir.h presence
configure:4051: gcc -E  conftest.c
configure:4057: $? = 0
configure:4077: result: yes
configure:4112: checking for sys/dir.h
configure:4119: result: yes
configure:3996: checking ndir.h usability
configure:4008: gcc -c -g -O2 -fno-strict-aliasing  conftest.c >&5
conftest.c:68:18: fatal error: ndir.h: No such file or directory
compilation terminated.
configure:4014: $? = 1
configure: failed program was:
| /* confdefs.h.  */
| 
| #define PACKAGE_NAME ""
| #define PACKAGE_TARNAME ""
| #define PACKAGE_VERSION ""
| #define PACKAGE_STRING ""
| #define PACKAGE_BUGREPORT ""
| #define VERSION_NUMBER "1.2c01-svn"
| #define HAVE_CRYPT 1
| #define HAVE_DIRENT_H 1
| #define STDC_HEADERS 1
| #define HAVE_SYS_TYPES_H 1
| #define HAVE_SYS_STAT_H 1
| #define HAVE_STDLIB_H 1
| #define HAVE_STRING_H 1
| #define HAVE_MEMORY_H 1
| #define HAVE_STRINGS_H 1
| #define HAVE_INTTYPES_H 1
| #define HAVE_STDINT_H 1
| #define HAVE_UNISTD_H 1
| #define HAVE_SYS_SOCKET_H 1
| #define HAVE_SYS_TIME_H 1
| #define HAVE_SYS_FCNTL_H 1
| #define HAVE_FCNTL_H 1
| #define HAVE_SYS_FILE_H 1
| #define HAVE_NETINET_IN_H 1
| #define HAVE_NETDB_H 1
| #define HAVE_SYS_UN_H 1
| #define HAVE_REGEX_H 1
| #define HAVE_ARPA_NAMESER_H 1
| #define HAVE_DIRENT_H 1
| #define HAVE_SYS_DIR_H 1
| /* end confdefs.h.  */
| #include <stdio.h>
| #if HAVE_SYS_TYPES_H
| # include <sys/types.h>
| #endif
| #if HAVE_SYS_STAT_H
| # include <sys/stat.h>
| #endif
| #if STDC_HEADERS
| # include <stdlib.h>
| # include <stddef.h>
| #else
| # if HAVE_STDLIB_H
| #  include <stdlib.h>
| # endif
| #endif
| #if HAVE_STRING_H
| # if !STDC_HEADERS && HAVE_MEMORY_H
| #  include <memory.h>
| # endif
| # include <string.h>
| #endif
| #if HAVE_STRINGS_H
| # include <strings.h>
| #endif
| #if HAVE_INTTYPES_H
| # include <inttypes.h>
| #else
| # if HAVE_STDINT_H
| #  include <stdint.h>
| # endif
| #endif
| #if HAVE_UNISTD_H
| # include <unistd.h>
| #endif
| #include <ndir.h>
configure:4037: result: no
configure:4041: checking ndir.h presence
configure:4051: gcc -E  conftest.c
conftest.c:34:18: fatal error: ndir.h: No such file or directory
compilation terminated.
configure:4057: $? = 1
configure: failed program was:
| /* confdefs.h.  */
| 
| #define PACKAGE_NAME ""
| #define PACKAGE_TARNAME ""
| #define PACKAGE_VERSION ""
| #define PACKAGE_STRING ""
| #define PACKAGE_BUGREPORT ""
| #define VERSION_NUMBER "1.2c01-svn"
| #define HAVE_CRYPT 1
| #define HAVE_DIRENT_H 1
| #define STDC_HEADERS 1
| #define HAVE_SYS_TYPES_H 1
| #define HAVE_SYS_STAT_H 1
| #define HAVE_STDLIB_H 1
| #define HAVE_STRING_H 1
| #define HAVE_MEMORY_H 1
| #define HAVE_STRINGS_H 1
| #define HAVE_INTTYPES_H 1
| #define HAVE_STDINT_H 1
| #define HAVE_UNISTD_H 1
| #define HAVE_SYS_SOCKET_H 1
| #define HAVE_SYS_TIME_H 1
| #define HAVE_SYS_FCNTL_H 1
| #define HAVE_FCNTL_H 1
| #define HAVE_SYS_FILE_H 1
| #define HAVE_NETINET_IN_H 1
| #define HAVE_NETDB_H 1
| #define HAVE_SYS_UN_H 1
| #define HAVE_REGEX_H 1
| #define HAVE_ARPA_NAMESER_H 1
| #define HAVE_DIRENT_H 1
| #define HAVE_SYS_DIR_H 1
| /* end confdefs.h.  */
| #include <ndir.h>
configure:4077: result: no
configure:4112: checking for ndir.h
configure:4119: result: no
configure:4137: checking for net/if.h
configure:4157: gcc -c -g -O2 -fno-strict-aliasing  conftest.c >&5
configure:4163: $? = 0
configure:4167: test -z 
			 || test ! -s conftest.err
configure:4170: $? = 0
configure:4173: test -s conftest.o
configure:4176: $? = 0
configure:4187: result: yes
configure:4204: checking for arpa/inet.h
configure:4227: gcc -c -g -O2 -fno-strict-aliasing  conftest.c >&5
configure:4233: $? = 0
configure:4237: test -z 
			 || test ! -s conftest.err
configure:4240: $? = 0
configure:4243: test -s conftest.o
configure:4246: $? = 0
configure:4257: result: yes
configure:4204: checking for resolv.h
configure:4227: gcc -c -g -O2 -fno-strict-aliasing  conftest.c >&5
configure:4233: $? = 0
configure:4237: test -z 
			 || test ! -s conftest.err
configure:4240: $? = 0
configure:4243: test -s conftest.o
configure:4246: $? = 0
configure:4257: result: yes
configure:4270: checking for stpcpy in string.h
configure:4295: result: yes
configure:4306: checking for getpgid in unistd.h
configure:4331: result: no
configure:4342: checking for killpg in signal.h
configure:4367: result: yes
configure:4378: checking for getpass in unistd.h
configure:4403: result: yes
configure:4414: checking for errno in errno.h
configure:4439: result: no
configure:4450: checking for struct linger in sys/socket.h
configure:4475: result: yes
configure:4486: checking for sun_len in sys/un.h
configure:4511: result: no
configure:4522: checking for bcopy in string.h
configure:4547: result: yes
configure:4558: checking whether strsignal is declared
configure:4584: gcc -c -g -O2 -fno-strict-aliasing  conftest.c >&5
configure:4590: $? = 0
configure:4594: test -z 
			 || test ! -s conftest.err
configure:4597: $? = 0
configure:4600: test -s conftest.o
configure:4603: $? = 0
configure:4614: result: yes
configure:4630: checking whether sys_siglist is declared
configure:4656: gcc -c -g -O2 -fno-strict-aliasing  conftest.c >&5
configure:4662: $? = 0
configure:4666: test -z 
			 || test ! -s conftest.err
configure:4669: $? = 0
configure:4672: test -s conftest.o
configure:4675: $? = 0
configure:4686: result: yes
configure:4702: checking whether _sys_siglist is declared
configure:4728: gcc -c -g -O2 -fno-strict-aliasing  conftest.c >&5
configure:4734: $? = 0
configure:4738: test -z 
			 || test ! -s conftest.err
configure:4741: $? = 0
configure:4744: test -s conftest.o
configure:4747: $? = 0
configure:4758: result: yes
configure:4778: checking for an ANSI C-conforming const
configure:4845: gcc -c -g -O2 -fno-strict-aliasing  conftest.c >&5
configure:4851: $? = 0
configure:4855: test -z 
			 || test ! -s conftest.err
configure:4858: $? = 0
configure:4861: test -s conftest.o
configure:4864: $? = 0
configure:4875: result: yes
configure:4885: checking for uid_t in sys/types.h
configure:4908: result: yes
configure:4923: checking for inline
configure:4944: gcc -c -g -O2 -fno-strict-aliasing  conftest.c >&5
configure:4950: $? = 0
configure:4954: test -z 
			 || test ! -s conftest.err
configure:4957: $? = 0
configure:4960: test -s conftest.o
configure:4963: $? = 0
configure:4975: result: inline
configure:4994: checking for mode_t
configure:5018: gcc -c -g -O2 -fno-strict-aliasing  conftest.c >&5
configure:5024: $? = 0
configure:5028: test -z 
			 || test ! -s conftest.err
configure:5031: $? = 0
configure:5034: test -s conftest.o
configure:5037: $? = 0
configure:5048: result: yes
configure:5060: checking for off_t
configure:5084: gcc -c -g -O2 -fno-strict-aliasing  conftest.c >&5
configure:5090: $? = 0
configure:5094: test -z 
			 || test ! -s conftest.err
configure:5097: $? = 0
configure:5100: test -s conftest.o
configure:5103: $? = 0
configure:5114: result: yes
configure:5126: checking for pid_t
configure:5150: gcc -c -g -O2 -fno-strict-aliasing  conftest.c >&5
configure:5156: $? = 0
configure:5160: test -z 
			 || test ! -s conftest.err
configure:5163: $? = 0
configure:5166: test -s conftest.o
configure:5169: $? = 0
configure:5180: result: yes
configure:5192: checking for size_t
configure:5216: gcc -c -g -O2 -fno-strict-aliasing  conftest.c >&5
configure:5222: $? = 0
configure:5226: test -z 
			 || test ! -s conftest.err
configure:5229: $? = 0
configure:5232: test -s conftest.o
configure:5235: $? = 0
configure:5246: result: yes
configure:5258: checking return type of signal handlers
configure:5289: gcc -c -g -O2 -fno-strict-aliasing  conftest.c >&5
configure:5295: $? = 0
configure:5299: test -z 
			 || test ! -s conftest.err
configure:5302: $? = 0
configure:5305: test -s conftest.o
configure:5308: $? = 0
configure:5319: result: void
configure:5327: checking whether time.h and sys/time.h may both be included
configure:5352: gcc -c -g -O2 -fno-strict-aliasing  conftest.c >&5
configure:5358: $? = 0
configure:5362: test -z 
			 || test ! -s conftest.err
configure:5365: $? = 0
configure:5368: test -s conftest.o
configure:5371: $? = 0
configure:5382: result: yes
configure:5393: checking for unsigned int
configure:5417: gcc -c -g -O2 -fno-strict-aliasing  conftest.c >&5
configure:5423: $? = 0
configure:5427: test -z 
			 || test ! -s conftest.err
configure:5430: $? = 0
configure:5433: test -s conftest.o
configure:5436: $? = 0
configure:5447: result: yes
configure:5450: checking size of unsigned int
configure:5769: gcc -o conftest -g -O2 -fno-strict-aliasing   conftest.c -lm -lcrypt  >&5
configure:5772: $? = 0
configure:5774: ./conftest
configure:5777: $? = 0
configure:5800: result: 4
configure:6243: checking library required for resolver functions
configure:6287: gcc -o conftest -g -O2 -fno-strict-aliasing   conftest.c  -lm -lcrypt  >&5
/tmp/ccHGkfc9.o: In function `main':
/home/dan/BitchX/conftest.c:105: undefined reference to `__res_mkquery'
collect2: error: ld returned 1 exit status
configure:6293: $? = 1
configure: failed program was:
| /* confdefs.h.  */
| 
| #define PACKAGE_NAME ""
| #define PACKAGE_TARNAME ""
| #define PACKAGE_VERSION ""
| #define PACKAGE_STRING ""
| #define PACKAGE_BUGREPORT ""
| #define VERSION_NUMBER "1.2c01-svn"
| #define HAVE_CRYPT 1
| #define HAVE_DIRENT_H 1
| #define STDC_HEADERS 1
| #define HAVE_SYS_TYPES_H 1
| #define HAVE_SYS_STAT_H 1
| #define HAVE_STDLIB_H 1
| #define HAVE_STRING_H 1
| #define HAVE_MEMORY_H 1
| #define HAVE_STRINGS_H 1
| #define HAVE_INTTYPES_H 1
| #define HAVE_STDINT_H 1
| #define HAVE_UNISTD_H 1
| #define HAVE_SYS_SOCKET_H 1
| #define HAVE_SYS_TIME_H 1
| #define HAVE_SYS_FCNTL_H 1
| #define HAVE_FCNTL_H 1
| #define HAVE_SYS_FILE_H 1
| #define HAVE_NETINET_IN_H 1
| #define HAVE_NETDB_H 1
| #define HAVE_SYS_UN_H 1
| #define HAVE_REGEX_H 1
| #define HAVE_ARPA_NAMESER_H 1
| #define HAVE_DIRENT_H 1
| #define HAVE_SYS_DIR_H 1
| #define HAVE_NET_IF_H 1
| #define HAVE_ARPA_INET_H 1
| #define HAVE_RESOLV_H 1
| #define STPCPY_DECLARED 1
| #define KILLPG_DECLARED 1
| #define GETPASS_DECLARED 1
| #define STRUCT_LINGER_DECLARED 1
| #define BCOPY_DECLARED 1
| #define HAVE_DECL_STRSIGNAL 1
| #define HAVE_DECL_SYS_SIGLIST 1
| #define HAVE_DECL__SYS_SIGLIST 1
| #define RETSIGTYPE void
| #define TIME_WITH_SYS_TIME 1
| #define SIZEOF_UNSIGNED_INT 4
| #define UNSIGNED_INT32 1
| /* end confdefs.h.  */
| 
| 	#if !defined( __APPLE__ )
| 	  #if !defined( BIND_4_COMPAT )
| 	    #define BIND_4_COMPAT
| 	  #endif
| 	#else
| 	  #if !defined( BIND_8_COMPAT )
| 	    #define BIND_8_COMPAT
| 	  #endif
| 	#endif
| 	#include <stdio.h>
| #if HAVE_SYS_TYPES_H
| # include <sys/types.h>
| #endif
| #if HAVE_SYS_STAT_H
| # include <sys/stat.h>
| #endif
| #if STDC_HEADERS
| # include <stdlib.h>
| # include <stddef.h>
| #else
| # if HAVE_STDLIB_H
| #  include <stdlib.h>
| # endif
| #endif
| #if HAVE_STRING_H
| # if !STDC_HEADERS && HAVE_MEMORY_H
| #  include <memory.h>
| # endif
| # include <string.h>
| #endif
| #if HAVE_STRINGS_H
| # include <strings.h>
| #endif
| #if HAVE_INTTYPES_H
| # include <inttypes.h>
| #else
| # if HAVE_STDINT_H
| #  include <stdint.h>
| # endif
| #endif
| #if HAVE_UNISTD_H
| # include <unistd.h>
| #endif
| 	#ifdef HAVE_NETINET_IN_H
| 	#include <netinet/in.h>
| 	#endif
| 	#ifdef HAVE_ARPA_NAMESER_H
| 	#include <arpa/nameser.h>
| 	#endif
| 	#ifdef HAVE_RESOLV_H
| 	#include <resolv.h>
| 	#endif
| 
| 	int main()
| 	{
| 		return res_mkquery(0, 0, 0, 0, 0, 0, 0, 0, 0);
| 	}
configure:6287: gcc -o conftest -g -O2 -fno-strict-aliasing   conftest.c -lresolv -lm -lcrypt  >&5
configure:6293: $? = 0
configure:6297: test -z 
			 || test ! -s conftest.err
configure:6300: $? = 0
configure:6303: test -s conftest
configure:6306: $? = 0
configure:6326: result: -lresolv
configure:6337: checking for the iphlpapi library
configure:6354: gcc -o conftest -g -O2 -fno-strict-aliasing   conftest.c -liphlpapi -lresolv -lm -lcrypt  >&5
conftest.c:2:22: fatal error: windows.h: No such file or directory
compilation terminated.
configure:6360: $? = 1
configure: failed program was:
| 
| 	#include <windows.h>
| 	#include <iphlpapi.h>
| 
| 	int main()
| 	{
| 		ULONG buflen;
| 		GetNetworkParams(0, &buflen);
| 		return buflen;
| 	}
configure:6389: result: no
configure:6403: checking for working alloca.h
configure:6424: gcc -o conftest -g -O2 -fno-strict-aliasing   conftest.c -lresolv -lm -lcrypt  >&5
configure:6430: $? = 0
configure:6434: test -z 
			 || test ! -s conftest.err
configure:6437: $? = 0
configure:6440: test -s conftest
configure:6443: $? = 0
configure:6455: result: yes
configure:6465: checking for alloca
configure:6506: gcc -o conftest -g -O2 -fno-strict-aliasing   conftest.c -lresolv -lm -lcrypt  >&5
configure:6512: $? = 0
configure:6516: test -z 
			 || test ! -s conftest.err
configure:6519: $? = 0
configure:6522: test -s conftest
configure:6525: $? = 0
configure:6537: result: yes
configure:6761: checking whether getpgrp requires zero arguments
configure:6783: gcc -c -g -O2 -fno-strict-aliasing  conftest.c >&5
conftest.c: In function 'main':
conftest.c:89:1: error: too many arguments to function 'getpgrp'
In file included from conftest.c:84:0:
/usr/include/unistd.h:637:16: note: declared here
configure:6789: $? = 1
configure: failed program was:
| /* confdefs.h.  */
| 
| #define PACKAGE_NAME ""
| #define PACKAGE_TARNAME ""
| #define PACKAGE_VERSION ""
| #define PACKAGE_STRING ""
| #define PACKAGE_BUGREPORT ""
| #define VERSION_NUMBER "1.2c01-svn"
| #define HAVE_CRYPT 1
| #define HAVE_DIRENT_H 1
| #define STDC_HEADERS 1
| #define HAVE_SYS_TYPES_H 1
| #define HAVE_SYS_STAT_H 1
| #define HAVE_STDLIB_H 1
| #define HAVE_STRING_H 1
| #define HAVE_MEMORY_H 1
| #define HAVE_STRINGS_H 1
| #define HAVE_INTTYPES_H 1
| #define HAVE_STDINT_H 1
| #define HAVE_UNISTD_H 1
| #define HAVE_SYS_SOCKET_H 1
| #define HAVE_SYS_TIME_H 1
| #define HAVE_SYS_FCNTL_H 1
| #define HAVE_FCNTL_H 1
| #define HAVE_SYS_FILE_H 1
| #define HAVE_NETINET_IN_H 1
| #define HAVE_NETDB_H 1
| #define HAVE_SYS_UN_H 1
| #define HAVE_REGEX_H 1
| #define HAVE_ARPA_NAMESER_H 1
| #define HAVE_DIRENT_H 1
| #define HAVE_SYS_DIR_H 1
| #define HAVE_NET_IF_H 1
| #define HAVE_ARPA_INET_H 1
| #define HAVE_RESOLV_H 1
| #define STPCPY_DECLARED 1
| #define KILLPG_DECLARED 1
| #define GETPASS_DECLARED 1
| #define STRUCT_LINGER_DECLARED 1
| #define BCOPY_DECLARED 1
| #define HAVE_DECL_STRSIGNAL 1
| #define HAVE_DECL_SYS_SIGLIST 1
| #define HAVE_DECL__SYS_SIGLIST 1
| #define RETSIGTYPE void
| #define TIME_WITH_SYS_TIME 1
| #define SIZEOF_UNSIGNED_INT 4
| #define UNSIGNED_INT32 1
| #define HAVE_RESOLV 1
| #define HAVE_ALLOCA_H 1
| #define HAVE_ALLOCA 1
| /* end confdefs.h.  */
| #include <stdio.h>
| #if HAVE_SYS_TYPES_H
| # include <sys/types.h>
| #endif
| #if HAVE_SYS_STAT_H
| # include <sys/stat.h>
| #endif
| #if STDC_HEADERS
| # include <stdlib.h>
| # include <stddef.h>
| #else
| # if HAVE_STDLIB_H
| #  include <stdlib.h>
| # endif
| #endif
| #if HAVE_STRING_H
| # if !STDC_HEADERS && HAVE_MEMORY_H
| #  include <memory.h>
| # endif
| # include <string.h>
| #endif
| #if HAVE_STRINGS_H
| # include <strings.h>
| #endif
| #if HAVE_INTTYPES_H
| # include <inttypes.h>
| #else
| # if HAVE_STDINT_H
| #  include <stdint.h>
| # endif
| #endif
| #if HAVE_UNISTD_H
| # include <unistd.h>
| #endif
| int
| main ()
| {
| getpgrp (0);
|   ;
|   return 0;
| }
configure:6814: result: yes
configure:6824: checking whether setpgrp takes no argument
configure:6856: gcc -o conftest -g -O2 -fno-strict-aliasing   conftest.c -lresolv -lm -lcrypt  >&5
conftest.c: In function 'main':
conftest.c:63:3: warning: incompatible implicit declaration of built-in function 'exit' [enabled by default]
conftest.c:63:3: error: too many arguments to function 'setpgrp'
In file included from conftest.c:54:0:
/usr/include/unistd.h:673:12: note: declared here
configure:6859: $? = 1
configure: program exited with status 1
configure: failed program was:
| /* confdefs.h.  */
| 
| #define PACKAGE_NAME ""
| #define PACKAGE_TARNAME ""
| #define PACKAGE_VERSION ""
| #define PACKAGE_STRING ""
| #define PACKAGE_BUGREPORT ""
| #define VERSION_NUMBER "1.2c01-svn"
| #define HAVE_CRYPT 1
| #define HAVE_DIRENT_H 1
| #define STDC_HEADERS 1
| #define HAVE_SYS_TYPES_H 1
| #define HAVE_SYS_STAT_H 1
| #define HAVE_STDLIB_H 1
| #define HAVE_STRING_H 1
| #define HAVE_MEMORY_H 1
| #define HAVE_STRINGS_H 1
| #define HAVE_INTTYPES_H 1
| #define HAVE_STDINT_H 1
| #define HAVE_UNISTD_H 1
| #define HAVE_SYS_SOCKET_H 1
| #define HAVE_SYS_TIME_H 1
| #define HAVE_SYS_FCNTL_H 1
| #define HAVE_FCNTL_H 1
| #define HAVE_SYS_FILE_H 1
| #define HAVE_NETINET_IN_H 1
| #define HAVE_NETDB_H 1
| #define HAVE_SYS_UN_H 1
| #define HAVE_REGEX_H 1
| #define HAVE_ARPA_NAMESER_H 1
| #define HAVE_DIRENT_H 1
| #define HAVE_SYS_DIR_H 1
| #define HAVE_NET_IF_H 1
| #define HAVE_ARPA_INET_H 1
| #define HAVE_RESOLV_H 1
| #define STPCPY_DECLARED 1
| #define KILLPG_DECLARED 1
| #define GETPASS_DECLARED 1
| #define STRUCT_LINGER_DECLARED 1
| #define BCOPY_DECLARED 1
| #define HAVE_DECL_STRSIGNAL 1
| #define HAVE_DECL_SYS_SIGLIST 1
| #define HAVE_DECL__SYS_SIGLIST 1
| #define RETSIGTYPE void
| #define TIME_WITH_SYS_TIME 1
| #define SIZEOF_UNSIGNED_INT 4
| #define UNSIGNED_INT32 1
| #define HAVE_RESOLV 1
| #define HAVE_ALLOCA_H 1
| #define HAVE_ALLOCA 1
| #define GETPGRP_VOID 1
| /* end confdefs.h.  */
| #if HAVE_UNISTD_H
| # include <unistd.h>
| #endif
| 
| int
| main ()
| {
| /* If this system has a BSD-style setpgrp which takes arguments,
|   setpgrp(1, 1) will fail with ESRCH and return -1, in that case
|   exit successfully. */
|   exit (setpgrp (1,1) == -1 ? 0 : 1);
|   ;
|   return 0;
| }
configure:6878: result: yes
configure:6893: checking for strftime
configure:6950: gcc -o conftest -g -O2 -fno-strict-aliasing   conftest.c -lresolv -lm -lcrypt  >&5
conftest.c:78:6: warning: conflicting types for built-in function 'strftime' [enabled by default]
configure:6956: $? = 0
configure:6960: test -z 
			 || test ! -s conftest.err
configure:6963: $? = 0
configure:6966: test -s conftest
configure:6969: $? = 0
configure:6981: result: yes
configure:7095: checking for socket
configure:7152: gcc -o conftest -g -O2 -fno-strict-aliasing   conftest.c -lresolv -lm -lcrypt  >&5
configure:7158: $? = 0
configure:7162: test -z 
			 || test ! -s conftest.err
configure:7165: $? = 0
configure:7168: test -s conftest
configure:7171: $? = 0
configure:7183: result: yes
configure:7095: checking for gethostname
configure:7152: gcc -o conftest -g -O2 -fno-strict-aliasing   conftest.c -lresolv -lm -lcrypt  >&5
configure:7158: $? = 0
configure:7162: test -z 
			 || test ! -s conftest.err
configure:7165: $? = 0
configure:7168: test -s conftest
configure:7171: $? = 0
configure:7183: result: yes
configure:7095: checking for gettimeofday
configure:7152: gcc -o conftest -g -O2 -fno-strict-aliasing   conftest.c -lresolv -lm -lcrypt  >&5
configure:7158: $? = 0
configure:7162: test -z 
			 || test ! -s conftest.err
configure:7165: $? = 0
configure:7168: test -s conftest
configure:7171: $? = 0
configure:7183: result: yes
configure:7095: checking for strtoul
configure:7152: gcc -o conftest -g -O2 -fno-strict-aliasing   conftest.c -lresolv -lm -lcrypt  >&5
configure:7158: $? = 0
configure:7162: test -z 
			 || test ! -s conftest.err
configure:7165: $? = 0
configure:7168: test -s conftest
configure:7171: $? = 0
configure:7183: result: yes
configure:7095: checking for strlcpy
configure:7152: gcc -o conftest -g -O2 -fno-strict-aliasing   conftest.c -lresolv -lm -lcrypt  >&5
/tmp/ccJeBFhd.o:(.data+0x0): undefined reference to `strlcpy'
/tmp/ccJeBFhd.o: In function `main':
/home/dan/BitchX/conftest.c:99: undefined reference to `strlcpy'
collect2: error: ld returned 1 exit status
configure:7158: $? = 1
configure: failed program was:
| /* confdefs.h.  */
| 
| #define PACKAGE_NAME ""
| #define PACKAGE_TARNAME ""
| #define PACKAGE_VERSION ""
| #define PACKAGE_STRING ""
| #define PACKAGE_BUGREPORT ""
| #define VERSION_NUMBER "1.2c01-svn"
| #define HAVE_CRYPT 1
| #define HAVE_DIRENT_H 1
| #define STDC_HEADERS 1
| #define HAVE_SYS_TYPES_H 1
| #define HAVE_SYS_STAT_H 1
| #define HAVE_STDLIB_H 1
| #define HAVE_STRING_H 1
| #define HAVE_MEMORY_H 1
| #define HAVE_STRINGS_H 1
| #define HAVE_INTTYPES_H 1
| #define HAVE_STDINT_H 1
| #define HAVE_UNISTD_H 1
| #define HAVE_SYS_SOCKET_H 1
| #define HAVE_SYS_TIME_H 1
| #define HAVE_SYS_FCNTL_H 1
| #define HAVE_FCNTL_H 1
| #define HAVE_SYS_FILE_H 1
| #define HAVE_NETINET_IN_H 1
| #define HAVE_NETDB_H 1
| #define HAVE_SYS_UN_H 1
| #define HAVE_REGEX_H 1
| #define HAVE_ARPA_NAMESER_H 1
| #define HAVE_DIRENT_H 1
| #define HAVE_SYS_DIR_H 1
| #define HAVE_NET_IF_H 1
| #define HAVE_ARPA_INET_H 1
| #define HAVE_RESOLV_H 1
| #define STPCPY_DECLARED 1
| #define KILLPG_DECLARED 1
| #define GETPASS_DECLARED 1
| #define STRUCT_LINGER_DECLARED 1
| #define BCOPY_DECLARED 1
| #define HAVE_DECL_STRSIGNAL 1
| #define HAVE_DECL_SYS_SIGLIST 1
| #define HAVE_DECL__SYS_SIGLIST 1
| #define RETSIGTYPE void
| #define TIME_WITH_SYS_TIME 1
| #define SIZEOF_UNSIGNED_INT 4
| #define UNSIGNED_INT32 1
| #define HAVE_RESOLV 1
| #define HAVE_ALLOCA_H 1
| #define HAVE_ALLOCA 1
| #define GETPGRP_VOID 1
| #define SETPGRP_VOID 1
| #define HAVE_STRFTIME 1
| #define HAVE_SOCKET 1
| #define HAVE_GETHOSTNAME 1
| #define HAVE_GETTIMEOFDAY 1
| #define HAVE_STRTOUL 1
| /* end confdefs.h.  */
| /* Define strlcpy to an innocuous variant, in case <limits.h> declares strlcpy.
|    For example, HP-UX 11i <limits.h> declares gettimeofday.  */
| #define strlcpy innocuous_strlcpy
| 
| /* System header to define __stub macros and hopefully few prototypes,
|     which can conflict with char strlcpy (); below.
|     Prefer <limits.h> to <assert.h> if __STDC__ is defined, since
|     <limits.h> exists even on freestanding compilers.  */
| 
| #ifdef __STDC__
| # include <limits.h>
| #else
| # include <assert.h>
| #endif
| 
| #undef strlcpy
| 
| /* Override any gcc2 internal prototype to avoid an error.  */
| #ifdef __cplusplus
| extern "C"
| {
| #endif
| /* We use char because int might match the return type of a gcc2
|    builtin and then its argument prototype would still apply.  */
| char strlcpy ();
| /* The GNU C library defines this for functions which it implements
|     to always fail with ENOSYS.  Some functions are actually named
|     something starting with __ and the normal name is an alias.  */
| #if defined (__stub_strlcpy) || defined (__stub___strlcpy)
| choke me
| #else
| char (*f) () = strlcpy;
| #endif
| #ifdef __cplusplus
| }
| #endif
| 
| int
| main ()
| {
| return f != strlcpy;
|   ;
|   return 0;
| }
configure:7183: result: no
configure:7095: checking for strlcat
configure:7152: gcc -o conftest -g -O2 -fno-strict-aliasing   conftest.c -lresolv -lm -lcrypt  >&5
/tmp/cctr6yqj.o:(.data+0x0): undefined reference to `strlcat'
/tmp/cctr6yqj.o: In function `main':
/home/dan/BitchX/conftest.c:99: undefined reference to `strlcat'
collect2: error: ld returned 1 exit status
configure:7158: $? = 1
configure: failed program was:
| /* confdefs.h.  */
| 
| #define PACKAGE_NAME ""
| #define PACKAGE_TARNAME ""
| #define PACKAGE_VERSION ""
| #define PACKAGE_STRING ""
| #define PACKAGE_BUGREPORT ""
| #define VERSION_NUMBER "1.2c01-svn"
| #define HAVE_CRYPT 1
| #define HAVE_DIRENT_H 1
| #define STDC_HEADERS 1
| #define HAVE_SYS_TYPES_H 1
| #define HAVE_SYS_STAT_H 1
| #define HAVE_STDLIB_H 1
| #define HAVE_STRING_H 1
| #define HAVE_MEMORY_H 1
| #define HAVE_STRINGS_H 1
| #define HAVE_INTTYPES_H 1
| #define HAVE_STDINT_H 1
| #define HAVE_UNISTD_H 1
| #define HAVE_SYS_SOCKET_H 1
| #define HAVE_SYS_TIME_H 1
| #define HAVE_SYS_FCNTL_H 1
| #define HAVE_FCNTL_H 1
| #define HAVE_SYS_FILE_H 1
| #define HAVE_NETINET_IN_H 1
| #define HAVE_NETDB_H 1
| #define HAVE_SYS_UN_H 1
| #define HAVE_REGEX_H 1
| #define HAVE_ARPA_NAMESER_H 1
| #define HAVE_DIRENT_H 1
| #define HAVE_SYS_DIR_H 1
| #define HAVE_NET_IF_H 1
| #define HAVE_ARPA_INET_H 1
| #define HAVE_RESOLV_H 1
| #define STPCPY_DECLARED 1
| #define KILLPG_DECLARED 1
| #define GETPASS_DECLARED 1
| #define STRUCT_LINGER_DECLARED 1
| #define BCOPY_DECLARED 1
| #define HAVE_DECL_STRSIGNAL 1
| #define HAVE_DECL_SYS_SIGLIST 1
| #define HAVE_DECL__SYS_SIGLIST 1
| #define RETSIGTYPE void
| #define TIME_WITH_SYS_TIME 1
| #define SIZEOF_UNSIGNED_INT 4
| #define UNSIGNED_INT32 1
| #define HAVE_RESOLV 1
| #define HAVE_ALLOCA_H 1
| #define HAVE_ALLOCA 1
| #define GETPGRP_VOID 1
| #define SETPGRP_VOID 1
| #define HAVE_STRFTIME 1
| #define HAVE_SOCKET 1
| #define HAVE_GETHOSTNAME 1
| #define HAVE_GETTIMEOFDAY 1
| #define HAVE_STRTOUL 1
| /* end confdefs.h.  */
| /* Define strlcat to an innocuous variant, in case <limits.h> declares strlcat.
|    For example, HP-UX 11i <limits.h> declares gettimeofday.  */
| #define strlcat innocuous_strlcat
| 
| /* System header to define __stub macros and hopefully few prototypes,
|     which can conflict with char strlcat (); below.
|     Prefer <limits.h> to <assert.h> if __STDC__ is defined, since
|     <limits.h> exists even on freestanding compilers.  */
| 
| #ifdef __STDC__
| # include <limits.h>
| #else
| # include <assert.h>
| #endif
| 
| #undef strlcat
| 
| /* Override any gcc2 internal prototype to avoid an error.  */
| #ifdef __cplusplus
| extern "C"
| {
| #endif
| /* We use char because int might match the return type of a gcc2
|    builtin and then its argument prototype would still apply.  */
| char strlcat ();
| /* The GNU C library defines this for functions which it implements
|     to always fail with ENOSYS.  Some functions are actually named
|     something starting with __ and the normal name is an alias.  */
| #if defined (__stub_strlcat) || defined (__stub___strlcat)
| choke me
| #else
| char (*f) () = strlcat;
| #endif
| #ifdef __cplusplus
| }
| #endif
| 
| int
| main ()
| {
| return f != strlcat;
|   ;
|   return 0;
| }
configure:7183: result: no
configure:7095: checking for stpcpy
configure:7152: gcc -o conftest -g -O2 -fno-strict-aliasing   conftest.c -lresolv -lm -lcrypt  >&5
conftest.c:83:6: warning: conflicting types for built-in function 'stpcpy' [enabled by default]
configure:7158: $? = 0
configure:7162: test -z 
			 || test ! -s conftest.err
configure:7165: $? = 0
configure:7168: test -s conftest
configure:7171: $? = 0
configure:7183: result: yes
configure:7095: checking for vsnprintf
configure:7152: gcc -o conftest -g -O2 -fno-strict-aliasing   conftest.c -lresolv -lm -lcrypt  >&5
conftest.c:84:6: warning: conflicting types for built-in function 'vsnprintf' [enabled by default]
configure:7158: $? = 0
configure:7162: test -z 
			 || test ! -s conftest.err
configure:7165: $? = 0
configure:7168: test -s conftest
configure:7171: $? = 0
configure:7183: result: yes
configure:7095: checking for snprintf
configure:7152: gcc -o conftest -g -O2 -fno-strict-aliasing   conftest.c -lresolv -lm -lcrypt  >&5
conftest.c:85:6: warning: conflicting types for built-in function 'snprintf' [enabled by default]
configure:7158: $? = 0
configure:7162: test -z 
			 || test ! -s conftest.err
configure:7165: $? = 0
configure:7168: test -s conftest
configure:7171: $? = 0
configure:7183: result: yes
configure:7095: checking for setsid
configure:7152: gcc -o conftest -g -O2 -fno-strict-aliasing   conftest.c -lresolv -lm -lcrypt  >&5
configure:7158: $? = 0
configure:7162: test -z 
			 || test ! -s conftest.err
configure:7165: $? = 0
configure:7168: test -s conftest
configure:7171: $? = 0
configure:7183: result: yes
configure:7095: checking for strerror
configure:7152: gcc -o conftest -g -O2 -fno-strict-aliasing   conftest.c -lresolv -lm -lcrypt  >&5
configure:7158: $? = 0
configure:7162: test -z 
			 || test ! -s conftest.err
configure:7165: $? = 0
configure:7168: test -s conftest
configure:7171: $? = 0
configure:7183: result: yes
configure:7095: checking for uname
configure:7152: gcc -o conftest -g -O2 -fno-strict-aliasing   conftest.c -lresolv -lm -lcrypt  >&5
configure:7158: $? = 0
configure:7162: test -z 
			 || test ! -s conftest.err
configure:7165: $? = 0
configure:7168: test -s conftest
configure:7171: $? = 0
configure:7183: result: yes
configure:7095: checking for getrusage
configure:7152: gcc -o conftest -g -O2 -fno-strict-aliasing   conftest.c -lresolv -lm -lcrypt  >&5
configure:7158: $? = 0
configure:7162: test -z 
			 || test ! -s conftest.err
configure:7165: $? = 0
configure:7168: test -s conftest
configure:7171: $? = 0
configure:7183: result: yes
configure:7095: checking for sysconf
configure:7152: gcc -o conftest -g -O2 -fno-strict-aliasing   conftest.c -lresolv -lm -lcrypt  >&5
configure:7158: $? = 0
configure:7162: test -z 
			 || test ! -s conftest.err
configure:7165: $? = 0
configure:7168: test -s conftest
configure:7171: $? = 0
configure:7183: result: yes
configure:7095: checking for getpgid
configure:7152: gcc -o conftest -g -O2 -fno-strict-aliasing   conftest.c -lresolv -lm -lcrypt  >&5
configure:7158: $? = 0
configure:7162: test -z 
			 || test ! -s conftest.err
configure:7165: $? = 0
configure:7168: test -s conftest
configure:7171: $? = 0
configure:7183: result: yes
configure:7095: checking for killpg
configure:7152: gcc -o conftest -g -O2 -fno-strict-aliasing   conftest.c -lresolv -lm -lcrypt  >&5
configure:7158: $? = 0
configure:7162: test -z 
			 || test ! -s conftest.err
configure:7165: $? = 0
configure:7168: test -s conftest
configure:7171: $? = 0
configure:7183: result: yes
configure:7095: checking for getlogin
configure:7152: gcc -o conftest -g -O2 -fno-strict-aliasing   conftest.c -lresolv -lm -lcrypt  >&5
configure:7158: $? = 0
configure:7162: test -z 
			 || test ! -s conftest.err
configure:7165: $? = 0
configure:7168: test -s conftest
configure:7171: $? = 0
configure:7183: result: yes
configure:7095: checking for realpath
configure:7152: gcc -o conftest -g -O2 -fno-strict-aliasing   conftest.c -lresolv -lm -lcrypt  >&5
configure:7158: $? = 0
configure:7162: test -z 
			 || test ! -s conftest.err
configure:7165: $? = 0
configure:7168: test -s conftest
configure:7171: $? = 0
configure:7183: result: yes
configure:7095: checking for fchdir
configure:7152: gcc -o conftest -g -O2 -fno-strict-aliasing   conftest.c -lresolv -lm -lcrypt  >&5
configure:7158: $? = 0
configure:7162: test -z 
			 || test ! -s conftest.err
configure:7165: $? = 0
configure:7168: test -s conftest
configure:7171: $? = 0
configure:7183: result: yes
configure:7095: checking for getpass
configure:7152: gcc -o conftest -g -O2 -fno-strict-aliasing   conftest.c -lresolv -lm -lcrypt  >&5
configure:7158: $? = 0
configure:7162: test -z 
			 || test ! -s conftest.err
configure:7165: $? = 0
configure:7168: test -s conftest
configure:7171: $? = 0
configure:7183: result: yes
configure:7095: checking for fpathconf
configure:7152: gcc -o conftest -g -O2 -fno-strict-aliasing   conftest.c -lresolv -lm -lcrypt  >&5
configure:7158: $? = 0
configure:7162: test -z 
			 || test ! -s conftest.err
configure:7165: $? = 0
configure:7168: test -s conftest
configure:7171: $? = 0
configure:7183: result: yes
configure:7095: checking for getpwent
configure:7152: gcc -o conftest -g -O2 -fno-strict-aliasing   conftest.c -lresolv -lm -lcrypt  >&5
configure:7158: $? = 0
configure:7162: test -z 
			 || test ! -s conftest.err
configure:7165: $? = 0
configure:7168: test -s conftest
configure:7171: $? = 0
configure:7183: result: yes
configure:7095: checking for setvbuf
configure:7152: gcc -o conftest -g -O2 -fno-strict-aliasing   conftest.c -lresolv -lm -lcrypt  >&5
configure:7158: $? = 0
configure:7162: test -z 
			 || test ! -s conftest.err
configure:7165: $? = 0
configure:7168: test -s conftest
configure:7171: $? = 0
configure:7183: result: yes
configure:7095: checking for select
configure:7152: gcc -o conftest -g -O2 -fno-strict-aliasing   conftest.c -lresolv -lm -lcrypt  >&5
configure:7158: $? = 0
configure:7162: test -z 
			 || test ! -s conftest.err
configure:7165: $? = 0
configure:7168: test -s conftest
configure:7171: $? = 0
configure:7183: result: yes
configure:7095: checking for mkstemp
configure:7152: gcc -o conftest -g -O2 -fno-strict-aliasing   conftest.c -lresolv -lm -lcrypt  >&5
configure:7158: $? = 0
configure:7162: test -z 
			 || test ! -s conftest.err
configure:7165: $? = 0
configure:7168: test -s conftest
configure:7171: $? = 0
configure:7183: result: yes
configure:7095: checking for memmove
configure:7152: gcc -o conftest -g -O2 -fno-strict-aliasing   conftest.c -lresolv -lm -lcrypt  >&5
conftest.c:102:6: warning: conflicting types for built-in function 'memmove' [enabled by default]
configure:7158: $? = 0
configure:7162: test -z 
			 || test ! -s conftest.err
configure:7165: $? = 0
configure:7168: test -s conftest
configure:7171: $? = 0
configure:7183: result: yes
configure:7095: checking for scandir
configure:7152: gcc -o conftest -g -O2 -fno-strict-aliasing   conftest.c -lresolv -lm -lcrypt  >&5
configure:7158: $? = 0
configure:7162: test -z 
			 || test ! -s conftest.err
configure:7165: $? = 0
configure:7168: test -s conftest
configure:7171: $? = 0
configure:7183: result: yes
configure:7193: checking for gethostbyname
configure:7250: gcc -o conftest -g -O2 -fno-strict-aliasing   conftest.c -lresolv -lm -lcrypt  >&5
configure:7256: $? = 0
configure:7260: test -z 
			 || test ! -s conftest.err
configure:7263: $? = 0
configure:7266: test -s conftest
configure:7269: $? = 0
configure:7281: result: yes
configure:7356: checking for connect
configure:7413: gcc -o conftest -g -O2 -fno-strict-aliasing   conftest.c -lresolv -lm -lcrypt  >&5
configure:7419: $? = 0
configure:7423: test -z 
			 || test ! -s conftest.err
configure:7426: $? = 0
configure:7429: test -s conftest
configure:7432: $? = 0
configure:7444: result: yes
configure:7519: checking for inet_aton
configure:7576: gcc -o conftest -g -O2 -fno-strict-aliasing   conftest.c -lresolv -lm -lcrypt  >&5
configure:7582: $? = 0
configure:7586: test -z 
			 || test ! -s conftest.err
configure:7589: $? = 0
configure:7592: test -s conftest
configure:7595: $? = 0
configure:7607: result: yes
configure:7692: checking for function prototypes
configure:7695: result: yes
configure:7712: checking whether setvbuf arguments are reversed
configure:7737: gcc -o conftest -g -O2 -fno-strict-aliasing   conftest.c -lresolv -lm -lcrypt  >&5
conftest.c:85:10: error: conflicting types for 'setvbuf'
In file included from conftest.c:83:0:
/usr/include/stdio.h:339:12: note: previous declaration of 'setvbuf' was here
configure:7743: $? = 1
configure: failed program was:
| /* confdefs.h.  */
| 
| #define PACKAGE_NAME ""
| #define PACKAGE_TARNAME ""
| #define PACKAGE_VERSION ""
| #define PACKAGE_STRING ""
| #define PACKAGE_BUGREPORT ""
| #define VERSION_NUMBER "1.2c01-svn"
| #define HAVE_CRYPT 1
| #define HAVE_DIRENT_H 1
| #define STDC_HEADERS 1
| #define HAVE_SYS_TYPES_H 1
| #define HAVE_SYS_STAT_H 1
| #define HAVE_STDLIB_H 1
| #define HAVE_STRING_H 1
| #define HAVE_MEMORY_H 1
| #define HAVE_STRINGS_H 1
| #define HAVE_INTTYPES_H 1
| #define HAVE_STDINT_H 1
| #define HAVE_UNISTD_H 1
| #define HAVE_SYS_SOCKET_H 1
| #define HAVE_SYS_TIME_H 1
| #define HAVE_SYS_FCNTL_H 1
| #define HAVE_FCNTL_H 1
| #define HAVE_SYS_FILE_H 1
| #define HAVE_NETINET_IN_H 1
| #define HAVE_NETDB_H 1
| #define HAVE_SYS_UN_H 1
| #define HAVE_REGEX_H 1
| #define HAVE_ARPA_NAMESER_H 1
| #define HAVE_DIRENT_H 1
| #define HAVE_SYS_DIR_H 1
| #define HAVE_NET_IF_H 1
| #define HAVE_ARPA_INET_H 1
| #define HAVE_RESOLV_H 1
| #define STPCPY_DECLARED 1
| #define KILLPG_DECLARED 1
| #define GETPASS_DECLARED 1
| #define STRUCT_LINGER_DECLARED 1
| #define BCOPY_DECLARED 1
| #define HAVE_DECL_STRSIGNAL 1
| #define HAVE_DECL_SYS_SIGLIST 1
| #define HAVE_DECL__SYS_SIGLIST 1
| #define RETSIGTYPE void
| #define TIME_WITH_SYS_TIME 1
| #define SIZEOF_UNSIGNED_INT 4
| #define UNSIGNED_INT32 1
| #define HAVE_RESOLV 1
| #define HAVE_ALLOCA_H 1
| #define HAVE_ALLOCA 1
| #define GETPGRP_VOID 1
| #define SETPGRP_VOID 1
| #define HAVE_STRFTIME 1
| #define HAVE_SOCKET 1
| #define HAVE_GETHOSTNAME 1
| #define HAVE_GETTIMEOFDAY 1
| #define HAVE_STRTOUL 1
| #define HAVE_STPCPY 1
| #define HAVE_VSNPRINTF 1
| #define HAVE_SNPRINTF 1
| #define HAVE_SETSID 1
| #define HAVE_STRERROR 1
| #define HAVE_UNAME 1
| #define HAVE_GETRUSAGE 1
| #define HAVE_SYSCONF 1
| #define HAVE_GETPGID 1
| #define HAVE_KILLPG 1
| #define HAVE_GETLOGIN 1
| #define HAVE_REALPATH 1
| #define HAVE_FCHDIR 1
| #define HAVE_GETPASS 1
| #define HAVE_FPATHCONF 1
| #define HAVE_GETPWENT 1
| #define HAVE_SETVBUF 1
| #define HAVE_SELECT 1
| #define HAVE_MKSTEMP 1
| #define HAVE_MEMMOVE 1
| #define HAVE_SCANDIR 1
| #define HAVE_INET_ATON 1
| #define PROTOTYPES 1
| #define __PROTOTYPES 1
| /* end confdefs.h.  */
| #include <stdio.h>
| #	  if PROTOTYPES
| 	   int (setvbuf) (FILE *, int, char *, size_t);
| #	  endif
| int
| main ()
| {
| char buf; return setvbuf (stdout, _IOLBF, &buf, 1);
|   ;
|   return 0;
| }
configure:7864: result: no
configure:7880: checking for non-blocking type
configure:7933: gcc -o conftest -g -O2 -fno-strict-aliasing   conftest.c -lresolv -lm -lcrypt  >&5
conftest.c: In function 'alarmed':
conftest.c:95:2: warning: incompatible implicit declaration of built-in function 'exit' [enabled by default]
conftest.c: In function 'main':
conftest.c:109:3: warning: incompatible implicit declaration of built-in function 'exit' [enabled by default]
conftest.c:111:2: warning: incompatible implicit declaration of built-in function 'exit' [enabled by default]
configure:7936: $? = 0
configure:7938: ./conftest
configure:7941: $? = 0
configure:8021: result: posix
configure:8064: checking for a list of signal names
configure:8137: result: sys_siglist
configure:8144: checking whether to enable GTK support
configure:9844: result: no
configure:9849: checking whether to enable Win32 GUI support
configure:9871: result: no
configure:9879: checking whether to enable OS/2 PM support
configure:9906: result: no
configure:9911: checking whether to enable sound support
configure:10520: result: no
configure:10525: checking whether to enable SSL support
configure:10538: result: yes
configure:10560: checking for SSLeay in -lcrypto
configure:10590: gcc -o conftest -g -O2 -fno-strict-aliasing   conftest.c -lcrypto  -lresolv -lm -lcrypt  >&5
configure:10596: $? = 0
configure:10600: test -z 
			 || test ! -s conftest.err
configure:10603: $? = 0
configure:10606: test -s conftest
configure:10609: $? = 0
configure:10622: result: yes
configure:10635: checking for SSL_accept in -lssl
configure:10665: gcc -o conftest -g -O2 -fno-strict-aliasing   conftest.c -lssl  -lcrypto -lresolv -lm -lcrypt  >&5
configure:10671: $? = 0
configure:10675: test -z 
			 || test ! -s conftest.err
configure:10678: $? = 0
configure:10681: test -s conftest
configure:10684: $? = 0
configure:10697: result: yes
configure:10759: checking whether to use use tgetent or setupterm
configure:11325: result: setupterm
configure:11327: checking for setupterm in -lncurses
configure:11357: gcc -o conftest -g -O2 -fno-strict-aliasing   conftest.c -lncurses  -lssl -lcrypto -lresolv -lm -lcrypt  >&5
configure:11363: $? = 0
configure:11367: test -z 
			 || test ! -s conftest.err
configure:11370: $? = 0
configure:11373: test -s conftest
configure:11376: $? = 0
configure:11389: result: yes
configure:11888: checking for tparm in ncurses.h
configure:11913: result: yes
configure:11923: checking for tparm in -lncurses
configure:11953: gcc -o conftest -g -O2 -fno-strict-aliasing   conftest.c -lncurses  -lncurses -lssl -lcrypto -lresolv -lm -lcrypt  >&5
configure:11959: $? = 0
configure:11963: test -z 
			 || test ! -s conftest.err
configure:11966: $? = 0
configure:11969: test -s conftest
configure:11972: $? = 0
configure:11985: result: yes
configure:12011: checking ncurses.h usability
configure:12023: gcc -c -g -O2 -fno-strict-aliasing  conftest.c >&5
configure:12029: $? = 0
configure:12033: test -z 
			 || test ! -s conftest.err
configure:12036: $? = 0
configure:12039: test -s conftest.o
configure:12042: $? = 0
configure:12052: result: yes
configure:12056: checking ncurses.h presence
configure:12066: gcc -E  conftest.c
configure:12072: $? = 0
configure:12092: result: yes
configure:12127: checking for ncurses.h
configure:12134: result: yes
configure:12011: checking ncurses/termcap.h usability
configure:12023: gcc -c -g -O2 -fno-strict-aliasing  conftest.c >&5
configure:12029: $? = 0
configure:12033: test -z 
			 || test ! -s conftest.err
configure:12036: $? = 0
configure:12039: test -s conftest.o
configure:12042: $? = 0
configure:12052: result: yes
configure:12056: checking ncurses/termcap.h presence
configure:12066: gcc -E  conftest.c
configure:12072: $? = 0
configure:12092: result: yes
configure:12127: checking for ncurses/termcap.h
configure:12134: result: yes
configure:12011: checking termcap.h usability
configure:12023: gcc -c -g -O2 -fno-strict-aliasing  conftest.c >&5
configure:12029: $? = 0
configure:12033: test -z 
			 || test ! -s conftest.err
configure:12036: $? = 0
configure:12039: test -s conftest.o
configure:12042: $? = 0
configure:12052: result: yes
configure:12056: checking termcap.h presence
configure:12066: gcc -E  conftest.c
configure:12072: $? = 0
configure:12092: result: yes
configure:12127: checking for termcap.h
configure:12134: result: yes
configure:12148: checking for tputs in ncurses/termcap.h
configure:12173: result: yes
configure:12184: checking for tputs in termcap.h
configure:12209: result: yes
configure:12219: checking for tputs in -lncurses
configure:12249: gcc -o conftest -g -O2 -fno-strict-aliasing   conftest.c -lncurses  -lncurses -lssl -lcrypto -lresolv -lm -lcrypt  >&5
configure:12255: $? = 0
configure:12259: test -z 
			 || test ! -s conftest.err
configure:12262: $? = 0
configure:12265: test -s conftest
configure:12268: $? = 0
configure:12281: result: yes
configure:13074: checking whether to enable Tcl support
configure:13729: result: no
configure:13734: checking for unix mail directory
configure:13763: result: /var/spool/mail
configure:13781: checking for default server list
configure:13808: result: none
configure:13813: checking whether to enable IPv6 support
configure:13842: gcc -o conftest -g -O2 -fno-strict-aliasing   conftest.c -lncurses -lssl -lcrypto -lresolv -lm -lcrypt  >&5
configure:13848: $? = 0
configure:13852: test -z 
			 || test ! -s conftest.err
configure:13855: $? = 0
configure:13858: test -s conftest
configure:13861: $? = 0
configure:13886: result: yes (native)
configure:13909: checking whether to enable SOCKS support
configure:14090: result: no
configure:14095: checking whether to enable CD-ROM support
configure:14128: result: no
configure:14133: checking whether to enable dmalloc debugging support
configure:14226: result: no
configure:14231: checking whether to enable plugin support
configure:14239: result: yes
configure:14242: checking for dlopen in -ldl
configure:14272: gcc -o conftest -g -O2 -fno-strict-aliasing   conftest.c -ldl  -lncurses -lssl -lcrypto -lresolv -lm -lcrypt  >&5
configure:14278: $? = 0
configure:14282: test -z 
			 || test ! -s conftest.err
configure:14285: $? = 0
configure:14288: test -s conftest
configure:14291: $? = 0
configure:14304: result: yes
configure:14565: checking dlfcn.h usability
configure:14577: gcc -c -g -O2 -fno-strict-aliasing  conftest.c >&5
configure:14583: $? = 0
configure:14587: test -z 
			 || test ! -s conftest.err
configure:14590: $? = 0
configure:14593: test -s conftest.o
configure:14596: $? = 0
configure:14606: result: yes
configure:14610: checking dlfcn.h presence
configure:14620: gcc -E  conftest.c
configure:14626: $? = 0
configure:14646: result: yes
configure:14681: checking for dlfcn.h
configure:14688: result: yes
configure:14694: checking for system version
configure:14716: result: Linux-3.4.4-5.fc17.x86_64
configure:15495: checking mysql/mysql.h usability
configure:15507: gcc -c -g -O2 -fno-strict-aliasing  conftest.c >&5
conftest.c:134:25: fatal error: mysql/mysql.h: No such file or directory
compilation terminated.
configure:15513: $? = 1
configure: failed program was:
| /* confdefs.h.  */
| 
| #define PACKAGE_NAME ""
| #define PACKAGE_TARNAME ""
| #define PACKAGE_VERSION ""
| #define PACKAGE_STRING ""
| #define PACKAGE_BUGREPORT ""
| #define VERSION_NUMBER "1.2c01-svn"
| #define HAVE_CRYPT 1
| #define HAVE_DIRENT_H 1
| #define STDC_HEADERS 1
| #define HAVE_SYS_TYPES_H 1
| #define HAVE_SYS_STAT_H 1
| #define HAVE_STDLIB_H 1
| #define HAVE_STRING_H 1
| #define HAVE_MEMORY_H 1
| #define HAVE_STRINGS_H 1
| #define HAVE_INTTYPES_H 1
| #define HAVE_STDINT_H 1
| #define HAVE_UNISTD_H 1
| #define HAVE_SYS_SOCKET_H 1
| #define HAVE_SYS_TIME_H 1
| #define HAVE_SYS_FCNTL_H 1
| #define HAVE_FCNTL_H 1
| #define HAVE_SYS_FILE_H 1
| #define HAVE_NETINET_IN_H 1
| #define HAVE_NETDB_H 1
| #define HAVE_SYS_UN_H 1
| #define HAVE_REGEX_H 1
| #define HAVE_ARPA_NAMESER_H 1
| #define HAVE_DIRENT_H 1
| #define HAVE_SYS_DIR_H 1
| #define HAVE_NET_IF_H 1
| #define HAVE_ARPA_INET_H 1
| #define HAVE_RESOLV_H 1
| #define STPCPY_DECLARED 1
| #define KILLPG_DECLARED 1
| #define GETPASS_DECLARED 1
| #define STRUCT_LINGER_DECLARED 1
| #define BCOPY_DECLARED 1
| #define HAVE_DECL_STRSIGNAL 1
| #define HAVE_DECL_SYS_SIGLIST 1
| #define HAVE_DECL__SYS_SIGLIST 1
| #define RETSIGTYPE void
| #define TIME_WITH_SYS_TIME 1
| #define SIZEOF_UNSIGNED_INT 4
| #define UNSIGNED_INT32 1
| #define HAVE_RESOLV 1
| #define HAVE_ALLOCA_H 1
| #define HAVE_ALLOCA 1
| #define GETPGRP_VOID 1
| #define SETPGRP_VOID 1
| #define HAVE_STRFTIME 1
| #define HAVE_SOCKET 1
| #define HAVE_GETHOSTNAME 1
| #define HAVE_GETTIMEOFDAY 1
| #define HAVE_STRTOUL 1
| #define HAVE_STPCPY 1
| #define HAVE_VSNPRINTF 1
| #define HAVE_SNPRINTF 1
| #define HAVE_SETSID 1
| #define HAVE_STRERROR 1
| #define HAVE_UNAME 1
| #define HAVE_GETRUSAGE 1
| #define HAVE_SYSCONF 1
| #define HAVE_GETPGID 1
| #define HAVE_KILLPG 1
| #define HAVE_GETLOGIN 1
| #define HAVE_REALPATH 1
| #define HAVE_FCHDIR 1
| #define HAVE_GETPASS 1
| #define HAVE_FPATHCONF 1
| #define HAVE_GETPWENT 1
| #define HAVE_SETVBUF 1
| #define HAVE_SELECT 1
| #define HAVE_MKSTEMP 1
| #define HAVE_MEMMOVE 1
| #define HAVE_SCANDIR 1
| #define HAVE_INET_ATON 1
| #define PROTOTYPES 1
| #define __PROTOTYPES 1
| #define NBLOCK_POSIX 1
| #define HAVE_LIBCRYPTO 1
| #define HAVE_LIBSSL 1
| #define HAVE_SSL 1
| #define VERSION "BitchX-1.2c01-svn"
| #define _VERSION_ "BitchX"
| #define TPARM_DECLARED 1
| #define HAVE_TPARM 1
| #define HAVE_NCURSES_H 1
| #define HAVE_NCURSES_TERMCAP_H 1
| #define HAVE_TERMCAP_H 1
| #define TPUTS_DECLARED 1
| #define TPUTS_DECLARED 1
| #define HAVE_TPUTS 1
| #define HAVE_TERMINFO 1
| #define UNIX_MAIL "/var/spool/mail"
| #define IPV6 1
| /* end confdefs.h.  */
| #include <stdio.h>
| #if HAVE_SYS_TYPES_H
| # include <sys/types.h>
| #endif
| #if HAVE_SYS_STAT_H
| # include <sys/stat.h>
| #endif
| #if STDC_HEADERS
| # include <stdlib.h>
| # include <stddef.h>
| #else
| # if HAVE_STDLIB_H
| #  include <stdlib.h>
| # endif
| #endif
| #if HAVE_STRING_H
| # if !STDC_HEADERS && HAVE_MEMORY_H
| #  include <memory.h>
| # endif
| # include <string.h>
| #endif
| #if HAVE_STRINGS_H
| # include <strings.h>
| #endif
| #if HAVE_INTTYPES_H
| # include <inttypes.h>
| #else
| # if HAVE_STDINT_H
| #  include <stdint.h>
| # endif
| #endif
| #if HAVE_UNISTD_H
| # include <unistd.h>
| #endif
| #include <mysql/mysql.h>
configure:15536: result: no
configure:15540: checking mysql/mysql.h presence
configure:15550: gcc -E  conftest.c
conftest.c:100:25: fatal error: mysql/mysql.h: No such file or directory
compilation terminated.
configure:15556: $? = 1
configure: failed program was:
| /* confdefs.h.  */
| 
| #define PACKAGE_NAME ""
| #define PACKAGE_TARNAME ""
| #define PACKAGE_VERSION ""
| #define PACKAGE_STRING ""
| #define PACKAGE_BUGREPORT ""
| #define VERSION_NUMBER "1.2c01-svn"
| #define HAVE_CRYPT 1
| #define HAVE_DIRENT_H 1
| #define STDC_HEADERS 1
| #define HAVE_SYS_TYPES_H 1
| #define HAVE_SYS_STAT_H 1
| #define HAVE_STDLIB_H 1
| #define HAVE_STRING_H 1
| #define HAVE_MEMORY_H 1
| #define HAVE_STRINGS_H 1
| #define HAVE_INTTYPES_H 1
| #define HAVE_STDINT_H 1
| #define HAVE_UNISTD_H 1
| #define HAVE_SYS_SOCKET_H 1
| #define HAVE_SYS_TIME_H 1
| #define HAVE_SYS_FCNTL_H 1
| #define HAVE_FCNTL_H 1
| #define HAVE_SYS_FILE_H 1
| #define HAVE_NETINET_IN_H 1
| #define HAVE_NETDB_H 1
| #define HAVE_SYS_UN_H 1
| #define HAVE_REGEX_H 1
| #define HAVE_ARPA_NAMESER_H 1
| #define HAVE_DIRENT_H 1
| #define HAVE_SYS_DIR_H 1
| #define HAVE_NET_IF_H 1
| #define HAVE_ARPA_INET_H 1
| #define HAVE_RESOLV_H 1
| #define STPCPY_DECLARED 1
| #define KILLPG_DECLARED 1
| #define GETPASS_DECLARED 1
| #define STRUCT_LINGER_DECLARED 1
| #define BCOPY_DECLARED 1
| #define HAVE_DECL_STRSIGNAL 1
| #define HAVE_DECL_SYS_SIGLIST 1
| #define HAVE_DECL__SYS_SIGLIST 1
| #define RETSIGTYPE void
| #define TIME_WITH_SYS_TIME 1
| #define SIZEOF_UNSIGNED_INT 4
| #define UNSIGNED_INT32 1
| #define HAVE_RESOLV 1
| #define HAVE_ALLOCA_H 1
| #define HAVE_ALLOCA 1
| #define GETPGRP_VOID 1
| #define SETPGRP_VOID 1
| #define HAVE_STRFTIME 1
| #define HAVE_SOCKET 1
| #define HAVE_GETHOSTNAME 1
| #define HAVE_GETTIMEOFDAY 1
| #define HAVE_STRTOUL 1
| #define HAVE_STPCPY 1
| #define HAVE_VSNPRINTF 1
| #define HAVE_SNPRINTF 1
| #define HAVE_SETSID 1
| #define HAVE_STRERROR 1
| #define HAVE_UNAME 1
| #define HAVE_GETRUSAGE 1
| #define HAVE_SYSCONF 1
| #define HAVE_GETPGID 1
| #define HAVE_KILLPG 1
| #define HAVE_GETLOGIN 1
| #define HAVE_REALPATH 1
| #define HAVE_FCHDIR 1
| #define HAVE_GETPASS 1
| #define HAVE_FPATHCONF 1
| #define HAVE_GETPWENT 1
| #define HAVE_SETVBUF 1
| #define HAVE_SELECT 1
| #define HAVE_MKSTEMP 1
| #define HAVE_MEMMOVE 1
| #define HAVE_SCANDIR 1
| #define HAVE_INET_ATON 1
| #define PROTOTYPES 1
| #define __PROTOTYPES 1
| #define NBLOCK_POSIX 1
| #define HAVE_LIBCRYPTO 1
| #define HAVE_LIBSSL 1
| #define HAVE_SSL 1
| #define VERSION "BitchX-1.2c01-svn"
| #define _VERSION_ "BitchX"
| #define TPARM_DECLARED 1
| #define HAVE_TPARM 1
| #define HAVE_NCURSES_H 1
| #define HAVE_NCURSES_TERMCAP_H 1
| #define HAVE_TERMCAP_H 1
| #define TPUTS_DECLARED 1
| #define TPUTS_DECLARED 1
| #define HAVE_TPUTS 1
| #define HAVE_TERMINFO 1
| #define UNIX_MAIL "/var/spool/mail"
| #define IPV6 1
| /* end confdefs.h.  */
| #include <mysql/mysql.h>
configure:15576: result: no
configure:15611: checking for mysql/mysql.h
configure:15618: result: no
configure:15624: checking for mysql_query in -lmysqlclient
configure:15654: gcc -o conftest -g -O2 -fno-strict-aliasing   conftest.c -lmysqlclient  -ldl -lncurses -lssl -lcrypto -lresolv -lm -lcrypt  >&5
/usr/bin/ld: cannot find -lmysqlclient
collect2: error: ld returned 1 exit status
configure:15660: $? = 1
configure: failed program was:
| /* confdefs.h.  */
| 
| #define PACKAGE_NAME ""
| #define PACKAGE_TARNAME ""
| #define PACKAGE_VERSION ""
| #define PACKAGE_STRING ""
| #define PACKAGE_BUGREPORT ""
| #define VERSION_NUMBER "1.2c01-svn"
| #define HAVE_CRYPT 1
| #define HAVE_DIRENT_H 1
| #define STDC_HEADERS 1
| #define HAVE_SYS_TYPES_H 1
| #define HAVE_SYS_STAT_H 1
| #define HAVE_STDLIB_H 1
| #define HAVE_STRING_H 1
| #define HAVE_MEMORY_H 1
| #define HAVE_STRINGS_H 1
| #define HAVE_INTTYPES_H 1
| #define HAVE_STDINT_H 1
| #define HAVE_UNISTD_H 1
| #define HAVE_SYS_SOCKET_H 1
| #define HAVE_SYS_TIME_H 1
| #define HAVE_SYS_FCNTL_H 1
| #define HAVE_FCNTL_H 1
| #define HAVE_SYS_FILE_H 1
| #define HAVE_NETINET_IN_H 1
| #define HAVE_NETDB_H 1
| #define HAVE_SYS_UN_H 1
| #define HAVE_REGEX_H 1
| #define HAVE_ARPA_NAMESER_H 1
| #define HAVE_DIRENT_H 1
| #define HAVE_SYS_DIR_H 1
| #define HAVE_NET_IF_H 1
| #define HAVE_ARPA_INET_H 1
| #define HAVE_RESOLV_H 1
| #define STPCPY_DECLARED 1
| #define KILLPG_DECLARED 1
| #define GETPASS_DECLARED 1
| #define STRUCT_LINGER_DECLARED 1
| #define BCOPY_DECLARED 1
| #define HAVE_DECL_STRSIGNAL 1
| #define HAVE_DECL_SYS_SIGLIST 1
| #define HAVE_DECL__SYS_SIGLIST 1
| #define RETSIGTYPE void
| #define TIME_WITH_SYS_TIME 1
| #define SIZEOF_UNSIGNED_INT 4
| #define UNSIGNED_INT32 1
| #define HAVE_RESOLV 1
| #define HAVE_ALLOCA_H 1
| #define HAVE_ALLOCA 1
| #define GETPGRP_VOID 1
| #define SETPGRP_VOID 1
| #define HAVE_STRFTIME 1
| #define HAVE_SOCKET 1
| #define HAVE_GETHOSTNAME 1
| #define HAVE_GETTIMEOFDAY 1
| #define HAVE_STRTOUL 1
| #define HAVE_STPCPY 1
| #define HAVE_VSNPRINTF 1
| #define HAVE_SNPRINTF 1
| #define HAVE_SETSID 1
| #define HAVE_STRERROR 1
| #define HAVE_UNAME 1
| #define HAVE_GETRUSAGE 1
| #define HAVE_SYSCONF 1
| #define HAVE_GETPGID 1
| #define HAVE_KILLPG 1
| #define HAVE_GETLOGIN 1
| #define HAVE_REALPATH 1
| #define HAVE_FCHDIR 1
| #define HAVE_GETPASS 1
| #define HAVE_FPATHCONF 1
| #define HAVE_GETPWENT 1
| #define HAVE_SETVBUF 1
| #define HAVE_SELECT 1
| #define HAVE_MKSTEMP 1
| #define HAVE_MEMMOVE 1
| #define HAVE_SCANDIR 1
| #define HAVE_INET_ATON 1
| #define PROTOTYPES 1
| #define __PROTOTYPES 1
| #define NBLOCK_POSIX 1
| #define HAVE_LIBCRYPTO 1
| #define HAVE_LIBSSL 1
| #define HAVE_SSL 1
| #define VERSION "BitchX-1.2c01-svn"
| #define _VERSION_ "BitchX"
| #define TPARM_DECLARED 1
| #define HAVE_TPARM 1
| #define HAVE_NCURSES_H 1
| #define HAVE_NCURSES_TERMCAP_H 1
| #define HAVE_TERMCAP_H 1
| #define TPUTS_DECLARED 1
| #define TPUTS_DECLARED 1
| #define HAVE_TPUTS 1
| #define HAVE_TERMINFO 1
| #define UNIX_MAIL "/var/spool/mail"
| #define IPV6 1
| /* end confdefs.h.  */
| 
| /* Override any gcc2 internal prototype to avoid an error.  */
| #ifdef __cplusplus
| extern "C"
| #endif
| /* We use char because int might match the return type of a gcc2
|    builtin and then its argument prototype would still apply.  */
| char mysql_query ();
| int
| main ()
| {
| mysql_query ();
|   ;
|   return 0;
| }
configure:15686: result: no
configure:14943: checking machine/soundcard.h usability
configure:14955: gcc -c -g -O2 -fno-strict-aliasing  conftest.c >&5
conftest.c:134:31: fatal error: machine/soundcard.h: No such file or directory
compilation terminated.
configure:14961: $? = 1
configure: failed program was:
| /* confdefs.h.  */
| 
| #define PACKAGE_NAME ""
| #define PACKAGE_TARNAME ""
| #define PACKAGE_VERSION ""
| #define PACKAGE_STRING ""
| #define PACKAGE_BUGREPORT ""
| #define VERSION_NUMBER "1.2c01-svn"
| #define HAVE_CRYPT 1
| #define HAVE_DIRENT_H 1
| #define STDC_HEADERS 1
| #define HAVE_SYS_TYPES_H 1
| #define HAVE_SYS_STAT_H 1
| #define HAVE_STDLIB_H 1
| #define HAVE_STRING_H 1
| #define HAVE_MEMORY_H 1
| #define HAVE_STRINGS_H 1
| #define HAVE_INTTYPES_H 1
| #define HAVE_STDINT_H 1
| #define HAVE_UNISTD_H 1
| #define HAVE_SYS_SOCKET_H 1
| #define HAVE_SYS_TIME_H 1
| #define HAVE_SYS_FCNTL_H 1
| #define HAVE_FCNTL_H 1
| #define HAVE_SYS_FILE_H 1
| #define HAVE_NETINET_IN_H 1
| #define HAVE_NETDB_H 1
| #define HAVE_SYS_UN_H 1
| #define HAVE_REGEX_H 1
| #define HAVE_ARPA_NAMESER_H 1
| #define HAVE_DIRENT_H 1
| #define HAVE_SYS_DIR_H 1
| #define HAVE_NET_IF_H 1
| #define HAVE_ARPA_INET_H 1
| #define HAVE_RESOLV_H 1
| #define STPCPY_DECLARED 1
| #define KILLPG_DECLARED 1
| #define GETPASS_DECLARED 1
| #define STRUCT_LINGER_DECLARED 1
| #define BCOPY_DECLARED 1
| #define HAVE_DECL_STRSIGNAL 1
| #define HAVE_DECL_SYS_SIGLIST 1
| #define HAVE_DECL__SYS_SIGLIST 1
| #define RETSIGTYPE void
| #define TIME_WITH_SYS_TIME 1
| #define SIZEOF_UNSIGNED_INT 4
| #define UNSIGNED_INT32 1
| #define HAVE_RESOLV 1
| #define HAVE_ALLOCA_H 1
| #define HAVE_ALLOCA 1
| #define GETPGRP_VOID 1
| #define SETPGRP_VOID 1
| #define HAVE_STRFTIME 1
| #define HAVE_SOCKET 1
| #define HAVE_GETHOSTNAME 1
| #define HAVE_GETTIMEOFDAY 1
| #define HAVE_STRTOUL 1
| #define HAVE_STPCPY 1
| #define HAVE_VSNPRINTF 1
| #define HAVE_SNPRINTF 1
| #define HAVE_SETSID 1
| #define HAVE_STRERROR 1
| #define HAVE_UNAME 1
| #define HAVE_GETRUSAGE 1
| #define HAVE_SYSCONF 1
| #define HAVE_GETPGID 1
| #define HAVE_KILLPG 1
| #define HAVE_GETLOGIN 1
| #define HAVE_REALPATH 1
| #define HAVE_FCHDIR 1
| #define HAVE_GETPASS 1
| #define HAVE_FPATHCONF 1
| #define HAVE_GETPWENT 1
| #define HAVE_SETVBUF 1
| #define HAVE_SELECT 1
| #define HAVE_MKSTEMP 1
| #define HAVE_MEMMOVE 1
| #define HAVE_SCANDIR 1
| #define HAVE_INET_ATON 1
| #define PROTOTYPES 1
| #define __PROTOTYPES 1
| #define NBLOCK_POSIX 1
| #define HAVE_LIBCRYPTO 1
| #define HAVE_LIBSSL 1
| #define HAVE_SSL 1
| #define VERSION "BitchX-1.2c01-svn"
| #define _VERSION_ "BitchX"
| #define TPARM_DECLARED 1
| #define HAVE_TPARM 1
| #define HAVE_NCURSES_H 1
| #define HAVE_NCURSES_TERMCAP_H 1
| #define HAVE_TERMCAP_H 1
| #define TPUTS_DECLARED 1
| #define TPUTS_DECLARED 1
| #define HAVE_TPUTS 1
| #define HAVE_TERMINFO 1
| #define UNIX_MAIL "/var/spool/mail"
| #define IPV6 1
| /* end confdefs.h.  */
| #include <stdio.h>
| #if HAVE_SYS_TYPES_H
| # include <sys/types.h>
| #endif
| #if HAVE_SYS_STAT_H
| # include <sys/stat.h>
| #endif
| #if STDC_HEADERS
| # include <stdlib.h>
| # include <stddef.h>
| #else
| # if HAVE_STDLIB_H
| #  include <stdlib.h>
| # endif
| #endif
| #if HAVE_STRING_H
| # if !STDC_HEADERS && HAVE_MEMORY_H
| #  include <memory.h>
| # endif
| # include <string.h>
| #endif
| #if HAVE_STRINGS_H
| # include <strings.h>
| #endif
| #if HAVE_INTTYPES_H
| # include <inttypes.h>
| #else
| # if HAVE_STDINT_H
| #  include <stdint.h>
| # endif
| #endif
| #if HAVE_UNISTD_H
| # include <unistd.h>
| #endif
| #include <machine/soundcard.h>
configure:14984: result: no
configure:14988: checking machine/soundcard.h presence
configure:14998: gcc -E  conftest.c
conftest.c:100:31: fatal error: machine/soundcard.h: No such file or directory
compilation terminated.
configure:15004: $? = 1
configure: failed program was:
| /* confdefs.h.  */
| 
| #define PACKAGE_NAME ""
| #define PACKAGE_TARNAME ""
| #define PACKAGE_VERSION ""
| #define PACKAGE_STRING ""
| #define PACKAGE_BUGREPORT ""
| #define VERSION_NUMBER "1.2c01-svn"
| #define HAVE_CRYPT 1
| #define HAVE_DIRENT_H 1
| #define STDC_HEADERS 1
| #define HAVE_SYS_TYPES_H 1
| #define HAVE_SYS_STAT_H 1
| #define HAVE_STDLIB_H 1
| #define HAVE_STRING_H 1
| #define HAVE_MEMORY_H 1
| #define HAVE_STRINGS_H 1
| #define HAVE_INTTYPES_H 1
| #define HAVE_STDINT_H 1
| #define HAVE_UNISTD_H 1
| #define HAVE_SYS_SOCKET_H 1
| #define HAVE_SYS_TIME_H 1
| #define HAVE_SYS_FCNTL_H 1
| #define HAVE_FCNTL_H 1
| #define HAVE_SYS_FILE_H 1
| #define HAVE_NETINET_IN_H 1
| #define HAVE_NETDB_H 1
| #define HAVE_SYS_UN_H 1
| #define HAVE_REGEX_H 1
| #define HAVE_ARPA_NAMESER_H 1
| #define HAVE_DIRENT_H 1
| #define HAVE_SYS_DIR_H 1
| #define HAVE_NET_IF_H 1
| #define HAVE_ARPA_INET_H 1
| #define HAVE_RESOLV_H 1
| #define STPCPY_DECLARED 1
| #define KILLPG_DECLARED 1
| #define GETPASS_DECLARED 1
| #define STRUCT_LINGER_DECLARED 1
| #define BCOPY_DECLARED 1
| #define HAVE_DECL_STRSIGNAL 1
| #define HAVE_DECL_SYS_SIGLIST 1
| #define HAVE_DECL__SYS_SIGLIST 1
| #define RETSIGTYPE void
| #define TIME_WITH_SYS_TIME 1
| #define SIZEOF_UNSIGNED_INT 4
| #define UNSIGNED_INT32 1
| #define HAVE_RESOLV 1
| #define HAVE_ALLOCA_H 1
| #define HAVE_ALLOCA 1
| #define GETPGRP_VOID 1
| #define SETPGRP_VOID 1
| #define HAVE_STRFTIME 1
| #define HAVE_SOCKET 1
| #define HAVE_GETHOSTNAME 1
| #define HAVE_GETTIMEOFDAY 1
| #define HAVE_STRTOUL 1
| #define HAVE_STPCPY 1
| #define HAVE_VSNPRINTF 1
| #define HAVE_SNPRINTF 1
| #define HAVE_SETSID 1
| #define HAVE_STRERROR 1
| #define HAVE_UNAME 1
| #define HAVE_GETRUSAGE 1
| #define HAVE_SYSCONF 1
| #define HAVE_GETPGID 1
| #define HAVE_KILLPG 1
| #define HAVE_GETLOGIN 1
| #define HAVE_REALPATH 1
| #define HAVE_FCHDIR 1
| #define HAVE_GETPASS 1
| #define HAVE_FPATHCONF 1
| #define HAVE_GETPWENT 1
| #define HAVE_SETVBUF 1
| #define HAVE_SELECT 1
| #define HAVE_MKSTEMP 1
| #define HAVE_MEMMOVE 1
| #define HAVE_SCANDIR 1
| #define HAVE_INET_ATON 1
| #define PROTOTYPES 1
| #define __PROTOTYPES 1
| #define NBLOCK_POSIX 1
| #define HAVE_LIBCRYPTO 1
| #define HAVE_LIBSSL 1
| #define HAVE_SSL 1
| #define VERSION "BitchX-1.2c01-svn"
| #define _VERSION_ "BitchX"
| #define TPARM_DECLARED 1
| #define HAVE_TPARM 1
| #define HAVE_NCURSES_H 1
| #define HAVE_NCURSES_TERMCAP_H 1
| #define HAVE_TERMCAP_H 1
| #define TPUTS_DECLARED 1
| #define TPUTS_DECLARED 1
| #define HAVE_TPUTS 1
| #define HAVE_TERMINFO 1
| #define UNIX_MAIL "/var/spool/mail"
| #define IPV6 1
| /* end confdefs.h.  */
| #include <machine/soundcard.h>
configure:15024: result: no
configure:15059: checking for machine/soundcard.h
configure:15066: result: no
configure:14943: checking linux/soundcard.h usability
configure:14955: gcc -c -g -O2 -fno-strict-aliasing  conftest.c >&5
configure:14961: $? = 0
configure:14965: test -z 
			 || test ! -s conftest.err
configure:14968: $? = 0
configure:14971: test -s conftest.o
configure:14974: $? = 0
configure:14984: result: yes
configure:14988: checking linux/soundcard.h presence
configure:14998: gcc -E  conftest.c
configure:15004: $? = 0
configure:15024: result: yes
configure:15059: checking for linux/soundcard.h
configure:15066: result: yes
configure:14943: checking sys/soundcard.h usability
configure:14955: gcc -c -g -O2 -fno-strict-aliasing  conftest.c >&5
configure:14961: $? = 0
configure:14965: test -z 
			 || test ! -s conftest.err
configure:14968: $? = 0
configure:14971: test -s conftest.o
configure:14974: $? = 0
configure:14984: result: yes
configure:14988: checking sys/soundcard.h presence
configure:14998: gcc -E  conftest.c
configure:15004: $? = 0
configure:15024: result: yes
configure:15059: checking for sys/soundcard.h
configure:15066: result: yes
configure:15083: checking for mlock
configure:15140: gcc -o conftest -g -O2 -fno-strict-aliasing   conftest.c -ldl -lncurses -lssl -lcrypto -lresolv -lm -lcrypt  >&5
configure:15146: $? = 0
configure:15150: test -z 
			 || test ! -s conftest.err
configure:15153: $? = 0
configure:15156: test -s conftest
configure:15159: $? = 0
configure:15171: result: yes
configure:15703: checking which plugins to build
configure:15705: result: abot acro aim arcfour autocycle blowfish cavlink encrypt fserv hint identd nap pkga possum qbx qmail wavplay
configure:17469: creating ./config.status

## ---------------- ##
## Cache variables. ##
## ---------------- ##

ac_cv_bcopy_declared=yes
ac_cv_c_compiler_gnu=yes
ac_cv_c_const=yes
ac_cv_c_inline=inline
ac_cv_env_CC_set=
ac_cv_env_CC_value=
ac_cv_env_CFLAGS_set=
ac_cv_env_CFLAGS_value=
ac_cv_env_CPPFLAGS_set=
ac_cv_env_CPPFLAGS_value=
ac_cv_env_CPP_set=
ac_cv_env_CPP_value=
ac_cv_env_LDFLAGS_set=
ac_cv_env_LDFLAGS_value=
ac_cv_env_build_alias_set=
ac_cv_env_build_alias_value=
ac_cv_env_host_alias_set=
ac_cv_env_host_alias_value=
ac_cv_env_target_alias_set=
ac_cv_env_target_alias_value=
ac_cv_errno_declared=no
ac_cv_exeext=
ac_cv_func_alloca_works=yes
ac_cv_func_connect=yes
ac_cv_func_fchdir=yes
ac_cv_func_fpathconf=yes
ac_cv_func_gethostbyname=yes
ac_cv_func_gethostname=yes
ac_cv_func_getlogin=yes
ac_cv_func_getpass=yes
ac_cv_func_getpgid=yes
ac_cv_func_getpgrp_void=yes
ac_cv_func_getpwent=yes
ac_cv_func_getrusage=yes
ac_cv_func_gettimeofday=yes
ac_cv_func_inet_aton=yes
ac_cv_func_killpg=yes
ac_cv_func_memmove=yes
ac_cv_func_mkstemp=yes
ac_cv_func_mlock=yes
ac_cv_func_realpath=yes
ac_cv_func_scandir=yes
ac_cv_func_select=yes
ac_cv_func_setpgrp_void=yes
ac_cv_func_setsid=yes
ac_cv_func_setvbuf=yes
ac_cv_func_setvbuf_reversed=no
ac_cv_func_snprintf=yes
ac_cv_func_socket=yes
ac_cv_func_stpcpy=yes
ac_cv_func_strerror=yes
ac_cv_func_strftime=yes
ac_cv_func_strlcat=no
ac_cv_func_strlcpy=no
ac_cv_func_strtoul=yes
ac_cv_func_sysconf=yes
ac_cv_func_uname=yes
ac_cv_func_vsnprintf=yes
ac_cv_getpass_declared=yes
ac_cv_getpgid_declared=no
ac_cv_have_decl__sys_siglist=yes
ac_cv_have_decl_strsignal=yes
ac_cv_have_decl_sys_siglist=yes
ac_cv_header_arpa_inet_h=yes
ac_cv_header_arpa_nameser_h=yes
ac_cv_header_dirent_dirent_h=yes
ac_cv_header_dirent_h=yes
ac_cv_header_dlfcn_h=yes
ac_cv_header_fcntl_h=yes
ac_cv_header_inttypes_h=yes
ac_cv_header_linux_soundcard_h=yes
ac_cv_header_machine_soundcard_h=no
ac_cv_header_memory_h=yes
ac_cv_header_mysql_mysql_h=no
ac_cv_header_ncurses_h=yes
ac_cv_header_ncurses_termcap_h=yes
ac_cv_header_ndir_h=no
ac_cv_header_net_if_h=yes
ac_cv_header_netdb_h=yes
ac_cv_header_netinet_in_h=yes
ac_cv_header_regex_h=yes
ac_cv_header_resolv_h=yes
ac_cv_header_stdc=yes
ac_cv_header_stdint_h=yes
ac_cv_header_stdlib_h=yes
ac_cv_header_string_h=yes
ac_cv_header_strings_h=yes
ac_cv_header_sys_dir_h=yes
ac_cv_header_sys_fcntl_h=yes
ac_cv_header_sys_file_h=yes
ac_cv_header_sys_filio_h=no
ac_cv_header_sys_ndir_h=no
ac_cv_header_sys_socket_h=yes
ac_cv_header_sys_soundcard_h=yes
ac_cv_header_sys_stat_h=yes
ac_cv_header_sys_time_h=yes
ac_cv_header_sys_types_h=yes
ac_cv_header_sys_un_h=yes
ac_cv_header_termcap_h=yes
ac_cv_header_time=yes
ac_cv_header_unistd_h=yes
ac_cv_ipv6_type=native
ac_cv_killpg_declared=yes
ac_cv_lib_crypt_crypt=yes
ac_cv_lib_crypto_SSLeay=yes
ac_cv_lib_dgc_inet_addr=no
ac_cv_lib_dl_dlopen=yes
ac_cv_lib_m_pow=yes
ac_cv_lib_mysqlclient_mysql_query=no
ac_cv_lib_ncurses_setupterm=yes
ac_cv_lib_ncurses_tparm=yes
ac_cv_lib_ncurses_tputs=yes
ac_cv_lib_ssl_SSL_accept=yes
ac_cv_lib_sun_getpwnam=no
ac_cv_non_blocking_type=posix
ac_cv_objext=o
ac_cv_path_install='/usr/bin/install -c'
ac_cv_prog_AWK=gawk
ac_cv_prog_CPP='gcc -E'
ac_cv_prog_MAKE=gmake
ac_cv_prog_ac_ct_CC=gcc
ac_cv_prog_cc_g=yes
ac_cv_prog_cc_stdc=
ac_cv_prog_egrep='grep -E'
ac_cv_prog_gcc_traditional=no
ac_cv_prog_make_gmake_set=yes
ac_cv_search_opendir='none required'
ac_cv_search_strerror='none required'
ac_cv_signal_names=sys_siglist
ac_cv_sizeof_unsigned_int=4
ac_cv_stpcpy_declared=yes
ac_cv_struct_linger_declared=yes
ac_cv_sun_len_declared=no
ac_cv_system_version=Linux-3.4.4-5.fc17.x86_64
ac_cv_tparm_declared=yes
ac_cv_tputs_declared=yes
ac_cv_type_mode_t=yes
ac_cv_type_off_t=yes
ac_cv_type_pid_t=yes
ac_cv_type_signal=void
ac_cv_type_size_t=yes
ac_cv_type_uid_t=yes
ac_cv_type_unsigned_int=yes
ac_cv_working_alloca_h=yes
bx_cv_lib_resolver=-lresolv

## ----------------- ##
## Output variables. ##
## ----------------- ##

ALLOCA=''
AUDIOFILE_CFLAGS=''
AUDIOFILE_CONFIG=''
AUDIOFILE_LIBS=''
AWK='gawk'
BZIP2='-9 --repetitive-best'
CC='gcc'
CD_OBJS=''
CD_SRCS=''
CFLAGS=' -g -O2 -fno-strict-aliasing -Wall'
CP='cp -f'
CPP='gcc -E'
CPPFLAGS=''
DEFAULT_BITCHX_HELP_FILE='BitchX.help'
DEFAULT_BITCHX_IRCNAME_FILE='BitchX.ircnames'
DEFAULT_BITCHX_KICK_FILE='BitchX.kick'
DEFAULT_BITCHX_QUIT_FILE='BitchX.quit'
DEFAULT_CTOOLZ_DIR='~/.BitchX'
DEFAULT_MSGLOGFILE='BitchX.away'
DEFAULT_SCRIPT_HELP_FILE='BitchX.help'
DEFS='-DHAVE_CONFIG_H'
ECHO_C=''
ECHO_N='-n'
ECHO_T=''
EGREP='grep -E'
ESD_CFLAGS=''
ESD_CONFIG=''
ESD_LIBS=''
EXEEXT=''
EXTRAS='wserv scr-bx'
GDK_IMLIB_CFLAGS=''
GDK_IMLIB_LIBS=''
GLIB_CFLAGS=''
GLIB_CONFIG=''
GLIB_LIBS=''
GNOME_CFLAGS=''
GNOME_CONFIG=''
GNOME_LIBS=''
GTK_CFLAGS=''
GTK_CONFIG=''
GTK_LIBS=''
GUI_SRCS=''
GZIP_ENV='--best'
HAVE_INET_ATON=''
HELPDIR='$(IRCLIB)/help'
HINT_FILE='BitchX.hints'
IMLIB_CONFIG=''
INCLUDES='-I. -I$(topdir)/include -I$(top_srcdir)/include -I$(srcdir) -I$(srcdir)/include'
INSTALL_DATA='${INSTALL} -m 644'
INSTALL_EXTRAS='installwserv installscr-bx'
INSTALL_IRC='${bindir}/$(_VERSION_)$(EXEEXT)'
INSTALL_PROGRAM='${INSTALL}'
INSTALL_SCRBX='${bindir}/scr-bx$(EXEEXT)'
INSTALL_SCRIPT='$(IRCLIB)/script'
INSTALL_WSERV='$(IRCLIB)/wserv$(EXEEXT)'
IRCLIB='${libdir}/bx'
IRCPATH='$(DEFAULT_CTOOLZ_DIR):$(DEFAULT_CTOOLZ_DIR)/plugins:.:$(PLUGINDIR):$(INSTALL_SCRIPT):$(IRCLIB)'
LDFLAGS=''
LIBOBJS=''
LIBS=' -ldl -lncurses -lssl -lcrypto -lresolv -lm -lcrypt'
LN_S='ln -s'
LTLIBOBJS=''
MAKE='gmake'
MV='mv -f'
MYSQL_LIBS=''
OBJEXT='o'
PACKAGE_BUGREPORT=''
PACKAGE_NAME=''
PACKAGE_STRING=''
PACKAGE_TARNAME=''
PACKAGE_VERSION=''
PATH_SEPARATOR=':'
PLUGINDIR='$(IRCLIB)/plugins'
PLUGINS='abot acro aim arcfour autocycle blowfish cavlink encrypt fserv hint identd nap pkga possum qbx qmail wavplay'
RM='rm -f'
SET_MAKE=''
SHELL='/bin/sh'
SHLIB_CFLAGS='-fPIC'
SHLIB_LD='gcc -shared'
SHLIB_SUFFIX='.so'
TCL_LIBS=''
TCL_OBJS=''
TCL_SRCS=''
TRANSLATION_PATH='$(IRCLIB)/translation'
VERSION='BitchX-1.2c01-svn'
VERSION_NUMBER='1.2c01-svn'
WINNT_INSTALL=''
XMMS_CFLAGS=''
XMMS_CONFIG=''
XMMS_DATA_DIR=''
XMMS_EFFECT_PLUGIN_DIR=''
XMMS_GENERAL_PLUGIN_DIR=''
XMMS_INPUT_PLUGIN_DIR=''
XMMS_LIBS=''
XMMS_OUTPUT_PLUGIN_DIR=''
XMMS_PLUGIN_DIR=''
XMMS_VERSION=''
XMMS_VISUALIZATION_PLUGIN_DIR=''
X_O=''
_VERSION_='BitchX'
ac_ct_CC='gcc'
bindir='${exec_prefix}/bin'
build_alias=''
datadir='${prefix}/share'
exec_prefix='${prefix}'
host_alias=''
includedir='${prefix}/include'
infodir='${prefix}/info'
libdir='${exec_prefix}/lib'
libexecdir='${exec_prefix}/libexec'
localstatedir='${prefix}/var'
mandir='${prefix}/man'
oldincludedir='/usr/include'
prefix='/usr/local'
program_transform_name='s,x,x,'
sbindir='${exec_prefix}/sbin'
sharedstatedir='${prefix}/com'
sysconfdir='${prefix}/etc'
target_alias=''
topdir='/home/dan/BitchX'

## ----------- ##
## confdefs.h. ##
## ----------- ##

#define BCOPY_DECLARED 1
#define DEFAULT_BITCHX_HELP_FILE "BitchX.help"
#define DEFAULT_BITCHX_IRCNAME_FILE "BitchX.ircnames"
#define DEFAULT_BITCHX_KICK_FILE "BitchX.kick"
#define DEFAULT_BITCHX_QUIT_FILE "BitchX.quit"
#define DEFAULT_CTOOLZ_DIR "~/.BitchX"
#define DEFAULT_MSGLOGFILE "BitchX.away"
#define DEFAULT_SCRIPT_HELP_FILE "BitchX.help"
#define GETPASS_DECLARED 1
#define GETPGRP_VOID 1
#define HAVE_ALLOCA 1
#define HAVE_ALLOCA_H 1
#define HAVE_ARPA_INET_H 1
#define HAVE_ARPA_NAMESER_H 1
#define HAVE_CRYPT 1
#define HAVE_DECL_STRSIGNAL 1
#define HAVE_DECL_SYS_SIGLIST 1
#define HAVE_DECL__SYS_SIGLIST 1
#define HAVE_DIRENT_H 1
#define HAVE_DIRENT_H 1
#define HAVE_DLLIB 1
#define HAVE_FCHDIR 1
#define HAVE_FCNTL_H 1
#define HAVE_FPATHCONF 1
#define HAVE_GETHOSTNAME 1
#define HAVE_GETLOGIN 1
#define HAVE_GETPASS 1
#define HAVE_GETPGID 1
#define HAVE_GETPWENT 1
#define HAVE_GETRUSAGE 1
#define HAVE_GETTIMEOFDAY 1
#define HAVE_INET_ATON 1
#define HAVE_INTTYPES_H 1
#define HAVE_KILLPG 1
#define HAVE_LIBCRYPTO 1
#define HAVE_LIBSSL 1
#define HAVE_LINUX_SOUNDCARD_H 1
#define HAVE_MEMMOVE 1
#define HAVE_MEMORY_H 1
#define HAVE_MKSTEMP 1
#define HAVE_NCURSES_H 1
#define HAVE_NCURSES_TERMCAP_H 1
#define HAVE_NETDB_H 1
#define HAVE_NETINET_IN_H 1
#define HAVE_NET_IF_H 1
#define HAVE_REALPATH 1
#define HAVE_REGEX_H 1
#define HAVE_RESOLV 1
#define HAVE_RESOLV_H 1
#define HAVE_SCANDIR 1
#define HAVE_SELECT 1
#define HAVE_SETSID 1
#define HAVE_SETVBUF 1
#define HAVE_SNPRINTF 1
#define HAVE_SOCKET 1
#define HAVE_SSL 1
#define HAVE_STDINT_H 1
#define HAVE_STDLIB_H 1
#define HAVE_STPCPY 1
#define HAVE_STRERROR 1
#define HAVE_STRFTIME 1
#define HAVE_STRINGS_H 1
#define HAVE_STRING_H 1
#define HAVE_STRTOUL 1
#define HAVE_SYSCONF 1
#define HAVE_SYS_DIR_H 1
#define HAVE_SYS_FCNTL_H 1
#define HAVE_SYS_FILE_H 1
#define HAVE_SYS_SOCKET_H 1
#define HAVE_SYS_SOUNDCARD_H 1
#define HAVE_SYS_STAT_H 1
#define HAVE_SYS_TIME_H 1
#define HAVE_SYS_TYPES_H 1
#define HAVE_SYS_UN_H 1
#define HAVE_TERMCAP_H 1
#define HAVE_TERMINFO 1
#define HAVE_TPARM 1
#define HAVE_TPUTS 1
#define HAVE_UNAME 1
#define HAVE_UNISTD_H 1
#define HAVE_VSNPRINTF 1
#define IPV6 1
#define KILLPG_DECLARED 1
#define NBLOCK_POSIX 1
#define PACKAGE_BUGREPORT ""
#define PACKAGE_NAME ""
#define PACKAGE_STRING ""
#define PACKAGE_TARNAME ""
#define PACKAGE_VERSION ""
#define PROTOTYPES 1
#define RETSIGTYPE void
#define SETPGRP_VOID 1
#define SIZEOF_UNSIGNED_INT 4
#define STDC_HEADERS 1
#define STPCPY_DECLARED 1
#define STRUCT_LINGER_DECLARED 1
#define TIME_WITH_SYS_TIME 1
#define TPARM_DECLARED 1
#define TPUTS_DECLARED 1
#define TPUTS_DECLARED 1
#define UNIX_MAIL "/var/spool/mail"
#define UNSIGNED_INT32 1
#define VERSION "BitchX-1.2c01-svn"
#define VERSION_NUMBER "1.2c01-svn"
#define _VERSION_ "BitchX"
#define __PROTOTYPES 1

configure: exit 0

## ---------------------- ##
## Running config.status. ##
## ---------------------- ##

This file was extended by config.status, which was
generated by GNU Autoconf 2.59.  Invocation command line was

  CONFIG_FILES    = 
  CONFIG_HEADERS  = 
  CONFIG_LINKS    = 
  CONFIG_COMMANDS = 
  $ ./config.status 

on f172

config.status:765: creating Makefile
config.status:765: creating bx-conf/Makefile
config.status:765: creating doc/BitchX.bat
config.status:765: creating doc/Makefile
config.status:765: creating dll/Makefile
config.status:765: creating dll/abot/Makefile
config.status:765: creating dll/acro/Makefile
config.status:765: creating dll/aim/Makefile
config.status:765: creating dll/aim/toc/Makefile
config.status:765: creating dll/amp/Makefile
config.status:765: creating dll/arcfour/Makefile
config.status:765: creating dll/autocycle/Makefile
config.status:765: creating dll/blowfish/Makefile
config.status:765: creating dll/cavlink/Makefile
config.status:765: creating dll/cdrom/Makefile
config.status:765: creating dll/encrypt/Makefile
config.status:765: creating dll/europa/Makefile
config.status:765: creating dll/fserv/Makefile
config.status:765: creating dll/hint/Makefile
config.status:765: creating dll/identd/Makefile
config.status:765: creating dll/nap/Makefile
config.status:765: creating dll/nicklist/Makefile
config.status:765: creating dll/pkga/Makefile
config.status:765: creating dll/possum/Makefile
config.status:765: creating dll/qbx/Makefile
config.status:765: creating dll/qmail/Makefile
config.status:765: creating dll/wavplay/Makefile
config.status:765: creating dll/xmms/Makefile
config.status:765: creating source/Makefile
config.status:869: creating include/defs.h
config.status:1187: include/defs.h is unchanged
config.status:1345: executing default commands
